#
# There is insufficient memory for the Java Runtime Environment to continue.
# Native memory allocation (mmap) failed to map 65011712 bytes for Failed to commit area from 0x00000000c2c00000 to 0x00000000c6a00000 of length 65011712.
# Possible reasons:
#   The system is out of physical RAM or swap space
#   The process is running with CompressedOops enabled, and the Java Heap may be blocking the growth of the native heap
# Possible solutions:
#   Reduce memory load on the system
#   Increase physical memory or swap space
#   Check if swap backing store is full
#   Decrease Java heap size (-Xmx/-Xms)
#   Decrease number of Java threads
#   Decrease Java thread stack sizes (-Xss)
#   Set larger code cache with -XX:ReservedCodeCacheSize=
#   JVM is running with Unscaled Compressed Oops mode in which the Java heap is
#     placed in the first 4GB address space. The Java Heap base address is the
#     maximum limit for the native heap growth. Please use -XX:HeapBaseMinAddress
#     to set the Java Heap base and to place the Java Heap above 4GB virtual address.
# This output file may be truncated or incomplete.
#
#  Out of Memory Error (./open/src/hotspot/os/windows/os_windows.cpp:3315), pid=9520, tid=12820
#
# JRE version:  (14.0.2+12) (build )
# Java VM: OpenJDK 64-Bit Server VM (14.0.2+12-46, mixed mode, sharing, tiered, compressed oops, g1 gc, windows-amd64)
# No core dump will be written. Minidumps are not enabled by default on client versions of Windows
#

---------------  S U M M A R Y ------------

Command Line: -Dfile.encoding=UTF-8 -XX:+ShowCodeDetailsInExceptionMessages com.example.mongo.api.SpringMongodbexampleApplication

Host: Intel(R) Celeron(R) N4000 CPU @ 1.10GHz, 2 cores, 3G,  Windows 10 , 64 bit Build 18362 (10.0.18362.1082)
Time: Mon Oct 12 14:51:31 2020 India Standard Time elapsed time: 0 seconds (0d 0h 0m 0s)

---------------  T H R E A D  ---------------

Current thread (0x000001f1dc428000):  JavaThread "Unknown thread" [_thread_in_vm, id=12820, stack(0x000000aa5c500000,0x000000aa5c600000)]

Stack: [0x000000aa5c500000,0x000000aa5c600000]
Native frames: (J=compiled Java code, j=interpreted, Vv=VM code, C=native code)
V  [jvm.dll+0x5f8a9a]
V  [jvm.dll+0x74247a]
V  [jvm.dll+0x743c2f]
V  [jvm.dll+0x744273]
V  [jvm.dll+0x20d288]
V  [jvm.dll+0x5f5dea]
V  [jvm.dll+0x5eac45]
V  [jvm.dll+0x2c7e9c]
V  [jvm.dll+0x2c7cd2]
V  [jvm.dll+0x2cdbbc]
V  [jvm.dll+0x313fe8]
V  [jvm.dll+0x313710]
V  [jvm.dll+0x2a092a]
V  [jvm.dll+0x2a1a79]
V  [jvm.dll+0x71fd48]
V  [jvm.dll+0x321c14]
V  [jvm.dll+0x70112c]
V  [jvm.dll+0x392def]
V  [jvm.dll+0x394e61]
C  [jli.dll+0x524b]
C  [ucrtbase.dll+0x20e82]
C  [KERNEL32.DLL+0x17bd4]
C  [ntdll.dll+0x6ce51]


---------------  P R O C E S S  ---------------

Threads class SMR info:
_java_thread_list=0x00007fff4a553038, length=0, elements={
}

Java Threads: ( => current thread )

Other Threads:
  0x000001f1dc456000 GCTaskThread "GC Thread#0" [stack: 0x000000aa5c600000,0x000000aa5c700000] [id=6540]
  0x000001f1dc460800 ConcurrentGCThread "G1 Main Marker" [stack: 0x000000aa5c700000,0x000000aa5c800000] [id=9760]
  0x000001f1dc461800 ConcurrentGCThread "G1 Conc#0" [stack: 0x000000aa5c800000,0x000000aa5c900000] [id=10608]

[error occurred during error reporting (printing all threads), id 0xc0000005, EXCEPTION_ACCESS_VIOLATION (0xc0000005) at pc=0x00007fff49d81257]

VM state:not at safepoint (not fully initialized)

VM Mutex/Monitor currently owned by a thread:  ([mutex/lock_event])
[0x000001f1dc423410] Heap_lock - owner thread: 0x000001f1dc428000

Heap address: 0x00000000c2c00000, size: 980 MB, Compressed Oops mode: 32-bit
Narrow klass base: 0x0000000000000000, Narrow klass shift: 0

GC Heap History (0 events):
No events

Deoptimization events (0 events):
No events

Classes unloaded (0 events):
No events

Classes redefined (0 events):
No events

Internal exceptions (0 events):
No events

Events (2 events):
Event: 0.028 Loaded shared library C:\Users\likit\Downloads\sts-4.8.0.RELEASE\plugins\org.eclipse.justj.openjdk.hotspot.jre.full.win32.x86_64_14.0.2.v20200815-0932\jre\bin\java.dll
Event: 0.031 Loaded shared library C:\Users\likit\Downloads\sts-4.8.0.RELEASE\plugins\org.eclipse.justj.openjdk.hotspot.jre.full.win32.x86_64_14.0.2.v20200815-0932\jre\bin\zip.dll


Dynamic libraries:
0x00007ff746f60000 - 0x00007ff746f6d000 	C:\Users\likit\Downloads\sts-4.8.0.RELEASE\plugins\org.eclipse.justj.openjdk.hotspot.jre.full.win32.x86_64_14.0.2.v20200815-0932\jre\bin\javaw.exe
0x00007fffb2200000 - 0x00007fffb23f0000 	C:\WINDOWS\SYSTEM32\ntdll.dll
0x00007fff980d0000 - 0x00007fff980e2000 	C:\Program Files\AVG\Antivirus\aswhook.dll
0x00007fffb2100000 - 0x00007fffb21b2000 	C:\WINDOWS\System32\KERNEL32.DLL
0x00007fffafd30000 - 0x00007fffaffd5000 	C:\WINDOWS\System32\KERNELBASE.dll
0x00007fffaf9b0000 - 0x00007fffafaaa000 	C:\WINDOWS\System32\ucrtbase.dll
0x00007fffa1140000 - 0x00007fffa1158000 	C:\Users\likit\Downloads\sts-4.8.0.RELEASE\plugins\org.eclipse.justj.openjdk.hotspot.jre.full.win32.x86_64_14.0.2.v20200815-0932\jre\bin\jli.dll
0x00007fffb1380000 - 0x00007fffb1515000 	C:\WINDOWS\System32\USER32.dll
0x00007fffaffe0000 - 0x00007fffb0001000 	C:\WINDOWS\System32\win32u.dll
0x00007fffb1350000 - 0x00007fffb1376000 	C:\WINDOWS\System32\GDI32.dll
0x00007fffafb90000 - 0x00007fffafd26000 	C:\WINDOWS\System32\gdi32full.dll
0x00007fffaf910000 - 0x00007fffaf9ae000 	C:\WINDOWS\System32\msvcp_win.dll
0x00007fffa0fe0000 - 0x00007fffa0ff5000 	C:\Users\likit\Downloads\sts-4.8.0.RELEASE\plugins\org.eclipse.justj.openjdk.hotspot.jre.full.win32.x86_64_14.0.2.v20200815-0932\jre\bin\VCRUNTIME140.dll
0x00007fff954f0000 - 0x00007fff95774000 	C:\WINDOWS\WinSxS\amd64_microsoft.windows.common-controls_6595b64144ccf1df_6.0.18362.1082_none_9e8193e1e45b25c1\COMCTL32.dll
0x00007fffb0d70000 - 0x00007fffb0e0e000 	C:\WINDOWS\System32\msvcrt.dll
0x00007fffb0eb0000 - 0x00007fffb11e5000 	C:\WINDOWS\System32\combase.dll
0x00007fffb0c50000 - 0x00007fffb0d70000 	C:\WINDOWS\System32\RPCRT4.dll
0x00007fffafb10000 - 0x00007fffafb90000 	C:\WINDOWS\System32\bcryptPrimitives.dll
0x00007fffb0e80000 - 0x00007fffb0eae000 	C:\WINDOWS\System32\IMM32.DLL
0x00007fff88990000 - 0x00007fff88a2b000 	C:\Users\likit\Downloads\sts-4.8.0.RELEASE\plugins\org.eclipse.justj.openjdk.hotspot.jre.full.win32.x86_64_14.0.2.v20200815-0932\jre\bin\msvcp140.dll
0x00007fff49ad0000 - 0x00007fff4a5ee000 	C:\Users\likit\Downloads\sts-4.8.0.RELEASE\plugins\org.eclipse.justj.openjdk.hotspot.jre.full.win32.x86_64_14.0.2.v20200815-0932\jre\bin\server\jvm.dll
0x00007fffb08c0000 - 0x00007fffb0963000 	C:\WINDOWS\System32\ADVAPI32.dll
0x00007fffb0820000 - 0x00007fffb08b7000 	C:\WINDOWS\System32\sechost.dll
0x00007fffb0a90000 - 0x00007fffb0a98000 	C:\WINDOWS\System32\PSAPI.DLL
0x00007fff9ef00000 - 0x00007fff9ef09000 	C:\WINDOWS\SYSTEM32\WSOCK32.dll
0x00007fffb0a20000 - 0x00007fffb0a8f000 	C:\WINDOWS\System32\WS2_32.dll
0x00007fffacd90000 - 0x00007fffacdb4000 	C:\WINDOWS\SYSTEM32\WINMM.dll
0x00007fffa92f0000 - 0x00007fffa92fa000 	C:\WINDOWS\SYSTEM32\VERSION.dll
0x00007fffac750000 - 0x00007fffac77d000 	C:\WINDOWS\SYSTEM32\WINMMBASE.dll
0x00007fffb0010000 - 0x00007fffb005a000 	C:\WINDOWS\System32\cfgmgr32.dll
0x00007fffaf120000 - 0x00007fffaf131000 	C:\WINDOWS\System32\kernel.appcore.dll
0x00007fffab0c0000 - 0x00007fffab0ca000 	C:\Users\likit\Downloads\sts-4.8.0.RELEASE\plugins\org.eclipse.justj.openjdk.hotspot.jre.full.win32.x86_64_14.0.2.v20200815-0932\jre\bin\jimage.dll
0x00007fffad9d0000 - 0x00007fffadbc4000 	C:\WINDOWS\SYSTEM32\DBGHELP.DLL
0x00007fffa7110000 - 0x00007fffa713a000 	C:\WINDOWS\SYSTEM32\dbgcore.DLL
0x00007fffa1a30000 - 0x00007fffa1a55000 	C:\Users\likit\Downloads\sts-4.8.0.RELEASE\plugins\org.eclipse.justj.openjdk.hotspot.jre.full.win32.x86_64_14.0.2.v20200815-0932\jre\bin\java.dll
0x00007fffa8080000 - 0x00007fffa8096000 	C:\Users\likit\Downloads\sts-4.8.0.RELEASE\plugins\org.eclipse.justj.openjdk.hotspot.jre.full.win32.x86_64_14.0.2.v20200815-0932\jre\bin\zip.dll

dbghelp: loaded successfully - version: 4.0.5 - missing functions: none
symbol engine: initialized successfully - sym options: 0x614 - pdb path: .;C:\Users\likit\Downloads\sts-4.8.0.RELEASE\plugins\org.eclipse.justj.openjdk.hotspot.jre.full.win32.x86_64_14.0.2.v20200815-0932\jre\bin;C:\WINDOWS\SYSTEM32;C:\Program Files\AVG\Antivirus;C:\WINDOWS\WinSxS\amd64_microsoft.windows.common-controls_6595b64144ccf1df_6.0.18362.1082_none_9e8193e1e45b25c1;C:\Users\likit\Downloads\sts-4.8.0.RELEASE\plugins\org.eclipse.justj.openjdk.hotspot.jre.full.win32.x86_64_14.0.2.v20200815-0932\jre\bin\server

VM Arguments:
jvm_args: -Dfile.encoding=UTF-8 -XX:+ShowCodeDetailsInExceptionMessages 
java_command: com.example.mongo.api.SpringMongodbexampleApplication
java_class_path (initial): C:\Users\likit\Documents\workspace-spring-tool-suite-4-4.8.0.RELEASE\spring-mongodbexample\target\classes;C:\Users\likit\.m2\repository\org\springframework\boot\spring-boot-starter-data-mongodb\2.3.4.RELEASE\spring-boot-starter-data-mongodb-2.3.4.RELEASE.jar;C:\Users\likit\.m2\repository\org\springframework\boot\spring-boot-starter\2.3.4.RELEASE\spring-boot-starter-2.3.4.RELEASE.jar;C:\Users\likit\.m2\repository\org\springframework\boot\spring-boot-starter-logging\2.3.4.RELEASE\spring-boot-starter-logging-2.3.4.RELEASE.jar;C:\Users\likit\.m2\repository\ch\qos\logback\logback-classic\1.2.3\logback-classic-1.2.3.jar;C:\Users\likit\.m2\repository\ch\qos\logback\logback-core\1.2.3\logback-core-1.2.3.jar;C:\Users\likit\.m2\repository\org\apache\logging\log4j\log4j-to-slf4j\2.13.3\log4j-to-slf4j-2.13.3.jar;C:\Users\likit\.m2\repository\org\apache\logging\log4j\log4j-api\2.13.3\log4j-api-2.13.3.jar;C:\Users\likit\.m2\repository\org\slf4j\jul-to-slf4j\1.7.30\jul-to-slf4j-1.7.30.jar;C:\Users\likit\.m2\repository\jakarta\annotation\jakarta.annotation-api\1.3.5\jakarta.annotation-api-1.3.5.jar;C:\Users\likit\.m2\repository\org\yaml\snakeyaml\1.26\snakeyaml-1.26.jar;C:\Users\likit\.m2\repository\org\mongodb\mongodb-driver-sync\4.0.5\mongodb-driver-sync-4.0.5.jar;C:\Users\likit\.m2\repository\org\mongodb\bson\4.0.5\bson-4.0.5.jar;C:\Users\likit\.m2\repository\org\mongodb\mongodb-driver-core\4.0.5\mongodb-driver-core-4.0.5.jar;C:\Users\likit\.m2\repository\org\springframework\data\spring-data-mongodb\3.0.4.RELEASE\spring-data-mongodb-3.0.4.RELEASE.jar;C:\Users\likit\.m2\repository\org\springframework\spring-tx\5.2.9.RELEASE\spring-tx-5.2.9.RELEASE.jar;C:\Users\likit\.m2\repository\org\springframework\spring-context\5.2.9.RELEASE\spring-context-5.2.9.RELEASE.jar;C:\Users\likit\.m2\repository\org\springframework\spring-beans\5.2.9.RELEASE\spring-beans-5.2.9.RELEASE.jar;C:\Users\likit\.m2\repository\org\springframework\spring-expression\5.2.9.RELEASE\spr
Launcher Type: SUN_STANDARD

[Global flags]
     intx CICompilerCount                          = 2                                         {product} {ergonomic}
     uint ConcGCThreads                            = 1                                         {product} {ergonomic}
     uint G1ConcRefinementThreads                  = 2                                         {product} {ergonomic}
   size_t G1HeapRegionSize                         = 1048576                                   {product} {ergonomic}
    uintx GCDrainStackTargetSize                   = 64                                        {product} {ergonomic}
   size_t InitialHeapSize                          = 65011712                                  {product} {ergonomic}
   size_t MarkStackSize                            = 4194304                                   {product} {ergonomic}
   size_t MaxHeapSize                              = 1027604480                                {product} {ergonomic}
   size_t MinHeapDeltaBytes                        = 1048576                                   {product} {ergonomic}
   size_t MinHeapSize                              = 8388608                                   {product} {ergonomic}
    uintx NonNMethodCodeHeapSize                   = 5826188                                {pd product} {ergonomic}
    uintx NonProfiledCodeHeapSize                  = 122916026                              {pd product} {ergonomic}
    uintx ProfiledCodeHeapSize                     = 122916026                              {pd product} {ergonomic}
    uintx ReservedCodeCacheSize                    = 251658240                              {pd product} {ergonomic}
     bool SegmentedCodeCache                       = true                                      {product} {ergonomic}
     bool ShowCodeDetailsInExceptionMessages       = true                                   {manageable} {command line}
   size_t SoftMaxHeapSize                          = 1027604480                             {manageable} {ergonomic}
     bool UseCompressedClassPointers               = true                                 {lp64_product} {ergonomic}
     bool UseCompressedOops                        = true                                 {lp64_product} {ergonomic}
     bool UseG1GC                                  = true                                      {product} {ergonomic}
     bool UseLargePagesIndividualAllocation        = false                                  {pd product} {ergonomic}

Logging:
Log output configuration:
 #0: stdout all=warning uptime,level,tags
 #1: stderr all=off uptime,level,tags

Environment Variables:
PATH=C:/Users/likit/Downloads/sts-4.8.0.RELEASE//plugins/org.eclipse.justj.openjdk.hotspot.jre.full.win32.x86_64_14.0.2.v20200815-0932/jre/bin/server;C:/Users/likit/Downloads/sts-4.8.0.RELEASE//plugins/org.eclipse.justj.openjdk.hotspot.jre.full.win32.x86_64_14.0.2.v20200815-0932/jre/bin;C:\WINDOWS\system32;C:\WINDOWS;C:\WINDOWS\System32\Wbem;C:\WINDOWS\System32\WindowsPowerShell\v1.0\;C:\WINDOWS\System32\OpenSSH\;C:\Users\likit\AppData\Local\Microsoft\WindowsApps;;C:\Users\likit\AppData\Local\Programs\Microsoft VS Code\bin;C:\Users\likit\Downloads\sts-4.8.0.RELEASE;
USERNAME=likki
OS=Windows_NT
PROCESSOR_IDENTIFIER=Intel64 Family 6 Model 122 Stepping 1, GenuineIntel



---------------  S Y S T E M  ---------------

OS: Windows 10 , 64 bit Build 18362 (10.0.18362.1082)
OS uptime: 0 days 4:58 hours

CPU:total 2 (initial active 2) (2 cores per cpu, 1 threads per core) family 6 model 122 stepping 1, cmov, cx8, fxsr, mmx, sse, sse2, sse3, ssse3, sse4.1, sse4.2, popcnt, aes, clmul, erms, 3dnowpref, tsc, tscinvbit, sha

Memory: 4k page, system-wide physical 3919M (276M free)
TotalPageFile size 6906M (AvailPageFile size 13M)
current process WorkingSet (physical memory assigned to process): 10M, peak: 10M
current process commit charge ("private bytes"): 47M, peak: 109M

vm_info: OpenJDK 64-Bit Server VM (14.0.2+12-46) for windows-amd64 JRE (14.0.2+12-46), built on Jul  9 2020 00:31:16 by "mach5one" with MS VC++ 15.9 (VS2017)

END.
