#
# There is insufficient memory for the Java Runtime Environment to continue.
# Native memory allocation (malloc) failed to allocate 9104 bytes for AllocateHeap
# Possible reasons:
#   The system is out of physical RAM or swap space
#   The process is running with CompressedOops enabled, and the Java Heap may be blocking the growth of the native heap
# Possible solutions:
#   Reduce memory load on the system
#   Increase physical memory or swap space
#   Check if swap backing store is full
#   Decrease Java heap size (-Xmx/-Xms)
#   Decrease number of Java threads
#   Decrease Java thread stack sizes (-Xss)
#   Set larger code cache with -XX:ReservedCodeCacheSize=
#   JVM is running with Unscaled Compressed Oops mode in which the Java heap is
#     placed in the first 4GB address space. The Java Heap base address is the
#     maximum limit for the native heap growth. Please use -XX:HeapBaseMinAddress
#     to set the Java Heap base and to place the Java Heap above 4GB virtual address.
# This output file may be truncated or incomplete.
#
#  Out of Memory Error (./open/src/hotspot/share/memory/allocation.cpp:44), pid=12040, tid=14140
#
# JRE version: OpenJDK Runtime Environment (14.0.2+12) (build 14.0.2+12-46)
# Java VM: OpenJDK 64-Bit Server VM (14.0.2+12-46, mixed mode, tiered, compressed oops, g1 gc, windows-amd64)
# No core dump will be written. Minidumps are not enabled by default on client versions of Windows
#

---------------  S U M M A R Y ------------

Command Line: -Dfile.encoding=UTF-8 -XX:+ShowCodeDetailsInExceptionMessages com.example.mongo.api.SpringMongodbexampleApplication

Host: Intel(R) Celeron(R) N4000 CPU @ 1.10GHz, 2 cores, 3G,  Windows 10 , 64 bit Build 18362 (10.0.18362.1082)
Time: Mon Oct 19 21:33:13 2020 India Standard Time elapsed time: 3193 seconds (0d 0h 53m 13s)

---------------  T H R E A D  ---------------

Current thread (0x0000027b2ceda800):  JavaThread "File Watcher" daemon [_thread_in_Java, id=14140, stack(0x000000af0d300000,0x000000af0d400000)]

Stack: [0x000000af0d300000,0x000000af0d400000]
[error occurred during error reporting (printing stack bounds), id 0xc0000005, EXCEPTION_ACCESS_VIOLATION (0xc0000005) at pc=0x0000027b172a0b88]

Native frames: (J=compiled Java code, j=interpreted, Vv=VM code, C=native code)
V  [jvm.dll+0x5f8a9a]
V  [jvm.dll+0x74247a]
V  [jvm.dll+0x743c2f]
V  [jvm.dll+0x7441d5]
V  [jvm.dll+0x74418b]
V  [jvm.dll+0x5f7f6f]
V  [jvm.dll+0x5f8738]
C  [ntdll.dll+0xa11cf]
C  [ntdll.dll+0x6a209]
C  [ntdll.dll+0x9fe3e]
C  0x0000027b172a0b88

Java frames: (J=compiled Java code, j=interpreted, Vv=VM code)
v  ~UncommonTrapBlob
J 4291 c2 org.springframework.boot.devtools.filewatch.DirectorySnapshot.collectFiles(Ljava/io/File;Ljava/util/Set;)V (99 bytes) @ 0x0000027b1efdf554 [0x0000027b1efd9fa0+0x00000000000055b4]
J 4134 c1 org.springframework.boot.devtools.filewatch.DirectorySnapshot.<init>(Ljava/io/File;)V (70 bytes) @ 0x0000027b1812fd54 [0x0000027b1812f2c0+0x0000000000000a94]
J 4266 c1 org.springframework.boot.devtools.filewatch.FileSystemWatcher$Watcher.getCurrentSnapshots()Ljava/util/Map; (63 bytes) @ 0x0000027b1816c004 [0x0000027b1816ba00+0x0000000000000604]
J 4137 c1 org.springframework.boot.devtools.filewatch.FileSystemWatcher$Watcher.scan()V (63 bytes) @ 0x0000027b181318ec [0x0000027b18131820+0x00000000000000cc]
j  org.springframework.boot.devtools.filewatch.FileSystemWatcher$Watcher.run()V+30
j  java.lang.Thread.run()V+11 java.base@14.0.2
v  ~StubRoutines::call_stub

---------------  P R O C E S S  ---------------

Threads class SMR info:
_java_thread_list=0x0000027b301d9d70, length=30, elements={
0x0000027b2a737800, 0x0000027b2a741000, 0x0000027b2a74d800, 0x0000027b2a764800,
0x0000027b2a767800, 0x0000027b2a769800, 0x0000027b2b0df800, 0x0000027b2b0e5000,
0x0000027b2b215000, 0x0000027b2b22a000, 0x0000027b2ced7800, 0x0000027b2d05f000,
0x0000027b2ceda000, 0x0000027b2ced6800, 0x0000027b2ced4000, 0x0000027b2ced5000,
0x0000027b2ceda800, 0x0000027b2ced6000, 0x0000027b2d063000, 0x0000027b2d061000,
0x0000027b2d062000, 0x0000027b2d060800, 0x0000027b2d05f800, 0x0000027b2d063800,
0x0000027b2d05e000, 0x0000027b2d069800, 0x0000027b2d068800, 0x0000027b2d064800,
0x0000027b2d067800, 0x0000027b2d066000
}

Java Threads: ( => current thread )
  0x0000027b2a737800 JavaThread "Reference Handler" daemon [_thread_blocked, id=12976, stack(0x000000af0bd00000,0x000000af0be00000)]
  0x0000027b2a741000 JavaThread "Finalizer" daemon [_thread_blocked, id=12972, stack(0x000000af0be00000,0x000000af0bf00000)]
  0x0000027b2a74d800 JavaThread "Signal Dispatcher" daemon [_thread_blocked, id=13228, stack(0x000000af0bf00000,0x000000af0c000000)]
  0x0000027b2a764800 JavaThread "Attach Listener" daemon [_thread_blocked, id=13236, stack(0x000000af0c000000,0x000000af0c100000)]
  0x0000027b2a767800 JavaThread "Service Thread" daemon [_thread_blocked, id=10004, stack(0x000000af0c100000,0x000000af0c200000)]
  0x0000027b2a769800 JavaThread "C2 CompilerThread0" daemon [_thread_blocked, id=10820, stack(0x000000af0c200000,0x000000af0c300000)]
  0x0000027b2b0df800 JavaThread "C1 CompilerThread0" daemon [_thread_blocked, id=11024, stack(0x000000af0c300000,0x000000af0c400000)]
  0x0000027b2b0e5000 JavaThread "Sweeper thread" daemon [_thread_blocked, id=13264, stack(0x000000af0c400000,0x000000af0c500000)]
  0x0000027b2b215000 JavaThread "Notification Thread" daemon [_thread_blocked, id=13136, stack(0x000000af0c500000,0x000000af0c600000)]
  0x0000027b2b22a000 JavaThread "Common-Cleaner" daemon [_thread_blocked, id=13220, stack(0x000000af0c700000,0x000000af0c800000)]
  0x0000027b2ced7800 JavaThread "Live Reload Server" daemon [_thread_in_native, id=4808, stack(0x000000af0d100000,0x000000af0d200000)]
  0x0000027b2d05f000 JavaThread "DestroyJavaVM" [_thread_blocked, id=13212, stack(0x000000af0b600000,0x000000af0b700000)]
  0x0000027b2ceda000 JavaThread "Catalina-utility-1" [_thread_blocked, id=13596, stack(0x000000af0cb00000,0x000000af0cc00000)]
  0x0000027b2ced6800 JavaThread "Catalina-utility-2" [_thread_blocked, id=12368, stack(0x000000af0cc00000,0x000000af0cd00000)]
  0x0000027b2ced4000 JavaThread "container-0" [_thread_blocked, id=8896, stack(0x000000af0ce00000,0x000000af0cf00000)]
  0x0000027b2ced5000 JavaThread "cluster-ClusterId{value='5f8db40e3428470b82508409', description='null'}-localhost:27017" daemon [_thread_blocked, id=8732, stack(0x000000af0cf00000,0x000000af0d000000)]
=>0x0000027b2ceda800 JavaThread "File Watcher" daemon [_thread_in_Java, id=14140, stack(0x000000af0d300000,0x000000af0d400000)]
  0x0000027b2ced6000 JavaThread "http-nio-8080-BlockPoller" daemon [_thread_in_native, id=10652, stack(0x000000af0d400000,0x000000af0d500000)]
  0x0000027b2d063000 JavaThread "http-nio-8080-exec-1" daemon [_thread_blocked, id=14128, stack(0x000000af0d500000,0x000000af0d600000)]
  0x0000027b2d061000 JavaThread "http-nio-8080-exec-2" daemon [_thread_blocked, id=2200, stack(0x000000af0d600000,0x000000af0d700000)]
  0x0000027b2d062000 JavaThread "http-nio-8080-exec-3" daemon [_thread_blocked, id=5036, stack(0x000000af0d700000,0x000000af0d800000)]
  0x0000027b2d060800 JavaThread "http-nio-8080-exec-4" daemon [_thread_blocked, id=5592, stack(0x000000af0d800000,0x000000af0d900000)]
  0x0000027b2d05f800 JavaThread "http-nio-8080-exec-5" daemon [_thread_blocked, id=13468, stack(0x000000af0d900000,0x000000af0da00000)]
  0x0000027b2d063800 JavaThread "http-nio-8080-exec-6" daemon [_thread_blocked, id=2664, stack(0x000000af0da00000,0x000000af0db00000)]
  0x0000027b2d05e000 JavaThread "http-nio-8080-exec-7" daemon [_thread_blocked, id=2848, stack(0x000000af0db00000,0x000000af0dc00000)]
  0x0000027b2d069800 JavaThread "http-nio-8080-exec-8" daemon [_thread_blocked, id=13644, stack(0x000000af0dc00000,0x000000af0dd00000)]
  0x0000027b2d068800 JavaThread "http-nio-8080-exec-9" daemon [_thread_blocked, id=11536, stack(0x000000af0dd00000,0x000000af0de00000)]
  0x0000027b2d064800 JavaThread "http-nio-8080-exec-10" daemon [_thread_blocked, id=2760, stack(0x000000af0de00000,0x000000af0df00000)]
  0x0000027b2d067800 JavaThread "http-nio-8080-ClientPoller" daemon [_thread_in_native, id=11544, stack(0x000000af0df00000,0x000000af0e000000)]
  0x0000027b2d066000 JavaThread "http-nio-8080-Acceptor" daemon [_thread_in_native, id=2688, stack(0x000000af0e000000,0x000000af0e100000)]

Other Threads:
  0x0000027b2a724000 VMThread "VM Thread" [stack: 0x000000af0bc00000,0x000000af0bd00000] [id=12996]
  0x0000027b2b215800 WatcherThread [stack: 0x000000af0c600000,0x000000af0c700000] [id=13288]
  0x0000027b13616000 GCTaskThread "GC Thread#0" [stack: 0x000000af0b700000,0x000000af0b800000] [id=13244]
  0x0000027b2b5be000 GCTaskThread "GC Thread#1" [stack: 0x000000af0c800000,0x000000af0c900000] [id=12408]
  0x0000027b13620800 ConcurrentGCThread "G1 Main Marker" [stack: 0x000000af0b800000,0x000000af0b900000] [id=10776]
  0x0000027b13622000 ConcurrentGCThread "G1 Conc#0" [stack: 0x000000af0b900000,0x000000af0ba00000] [id=10780]
  0x0000027b1365c000 ConcurrentGCThread "G1 Refine#0" [stack: 0x000000af0ba00000,0x000000af0bb00000] [id=10744]
  0x0000027b1365e000 ConcurrentGCThread "G1 Young RemSet Sampling" [stack: 0x000000af0bb00000,0x000000af0bc00000] [id=10740]

Threads with active compile tasks:

VM state:not at safepoint (normal execution)

VM Mutex/Monitor currently owned by a thread: None

Heap address: 0x00000000c2c00000, size: 980 MB, Compressed Oops mode: 32-bit
Narrow klass base: 0x0000000000000000, Narrow klass shift: 3
Compressed class space size: 1073741824 Address: 0x0000000100000000

Heap:
 garbage-first heap   total 32768K, used 23724K [0x00000000c2c00000, 0x0000000100000000)
  region size 1024K, 11 young (11264K), 1 survivors (1024K)
 Metaspace       used 48372K, capacity 49883K, committed 49968K, reserved 1093632K
  class space    used 5662K, capacity 6240K, committed 6272K, reserved 1048576K
Heap Regions: E=young(eden), S=young(survivor), O=old, HS=humongous(starts), HC=humongous(continues), CS=collection set, F=free, OA=open archive, CA=closed archive, TAMS=top-at-mark-start (previous, next)
|   0|0x00000000c2c00000, 0x00000000c2cffef0, 0x00000000c2d00000| 99%| O|  |TAMS 0x00000000c2cffef0, 0x00000000c2c00000| Untracked 
|   1|0x00000000c2d00000, 0x00000000c2dffff8, 0x00000000c2e00000| 99%| O|  |TAMS 0x00000000c2dffff8, 0x00000000c2d00000| Untracked 
|   2|0x00000000c2e00000, 0x00000000c2eff0f0, 0x00000000c2f00000| 99%| O|  |TAMS 0x00000000c2eff0f0, 0x00000000c2e00000| Untracked 
|   3|0x00000000c2f00000, 0x00000000c2ffffe8, 0x00000000c3000000| 99%| O|  |TAMS 0x00000000c2ffffe8, 0x00000000c2f00000| Untracked 
|   4|0x00000000c3000000, 0x00000000c30fffb0, 0x00000000c3100000| 99%| O|  |TAMS 0x00000000c30fffb0, 0x00000000c3000000| Untracked 
|   5|0x00000000c3100000, 0x00000000c3200000, 0x00000000c3200000|100%| O|  |TAMS 0x00000000c3200000, 0x00000000c3100000| Untracked 
|   6|0x00000000c3200000, 0x00000000c32fffe0, 0x00000000c3300000| 99%| O|  |TAMS 0x00000000c32fffe0, 0x00000000c3200000| Untracked 
|   7|0x00000000c3300000, 0x00000000c3400000, 0x00000000c3400000|100%| O|  |TAMS 0x00000000c3400000, 0x00000000c3300000| Untracked 
|   8|0x00000000c3400000, 0x00000000c34fffb8, 0x00000000c3500000| 99%| O|  |TAMS 0x00000000c34fffb8, 0x00000000c3400000| Untracked 
|   9|0x00000000c3500000, 0x00000000c35fffe8, 0x00000000c3600000| 99%| O|  |TAMS 0x00000000c35fffe8, 0x00000000c3500000| Untracked 
|  10|0x00000000c3600000, 0x00000000c3600000, 0x00000000c3700000|  0%| F|  |TAMS 0x00000000c3600000, 0x00000000c3600000| Untracked 
|  11|0x00000000c3700000, 0x00000000c37ffff8, 0x00000000c3800000| 99%| O|  |TAMS 0x00000000c37ffff8, 0x00000000c3700000| Untracked 
|  12|0x00000000c3800000, 0x00000000c3800000, 0x00000000c3900000|  0%| F|  |TAMS 0x00000000c3800000, 0x00000000c3800000| Untracked 
|  13|0x00000000c3900000, 0x00000000c3a00000, 0x00000000c3a00000|100%| O|  |TAMS 0x00000000c397d400, 0x00000000c3900000| Untracked 
|  14|0x00000000c3a00000, 0x00000000c3b00000, 0x00000000c3b00000|100%| O|  |TAMS 0x00000000c3a00000, 0x00000000c3a00000| Untracked 
|  15|0x00000000c3b00000, 0x00000000c3b00000, 0x00000000c3c00000|  0%| F|  |TAMS 0x00000000c3b00000, 0x00000000c3b00000| Untracked 
|  16|0x00000000c3c00000, 0x00000000c3cb5800, 0x00000000c3d00000| 70%| O|  |TAMS 0x00000000c3c00000, 0x00000000c3c00000| Untracked 
|  17|0x00000000c3d00000, 0x00000000c3d00000, 0x00000000c3e00000|  0%| F|  |TAMS 0x00000000c3d00000, 0x00000000c3d00000| Untracked 
|  18|0x00000000c3e00000, 0x00000000c3e00000, 0x00000000c3f00000|  0%| F|  |TAMS 0x00000000c3e00000, 0x00000000c3e00000| Untracked 
|  19|0x00000000c3f00000, 0x00000000c3f00000, 0x00000000c4000000|  0%| F|  |TAMS 0x00000000c3f00000, 0x00000000c3f00000| Untracked 
|  20|0x00000000c4000000, 0x00000000c4076be0, 0x00000000c4100000| 46%| S|CS|TAMS 0x00000000c4000000, 0x00000000c4000000| Complete 
|  21|0x00000000c4100000, 0x00000000c4100000, 0x00000000c4200000|  0%| F|  |TAMS 0x00000000c4100000, 0x00000000c4100000| Untracked 
|  22|0x00000000c4200000, 0x00000000c42d76a0, 0x00000000c4300000| 84%| E|  |TAMS 0x00000000c4200000, 0x00000000c4200000| Complete 
|  23|0x00000000c4300000, 0x00000000c4400000, 0x00000000c4400000|100%| E|CS|TAMS 0x00000000c4300000, 0x00000000c4300000| Complete 
|  24|0x00000000c4400000, 0x00000000c4500000, 0x00000000c4500000|100%| E|CS|TAMS 0x00000000c4400000, 0x00000000c4400000| Complete 
|  25|0x00000000c4500000, 0x00000000c4600000, 0x00000000c4600000|100%| E|CS|TAMS 0x00000000c4500000, 0x00000000c4500000| Complete 
|  26|0x00000000c4600000, 0x00000000c4700000, 0x00000000c4700000|100%| E|CS|TAMS 0x00000000c4600000, 0x00000000c4600000| Complete 
|  27|0x00000000c4700000, 0x00000000c4800000, 0x00000000c4800000|100%| E|CS|TAMS 0x00000000c4700000, 0x00000000c4700000| Complete 
|  52|0x00000000c6000000, 0x00000000c6100000, 0x00000000c6100000|100%| E|CS|TAMS 0x00000000c6000000, 0x00000000c6000000| Complete 
|  53|0x00000000c6100000, 0x00000000c6200000, 0x00000000c6200000|100%| E|CS|TAMS 0x00000000c6100000, 0x00000000c6100000| Complete 
|  54|0x00000000c6200000, 0x00000000c6300000, 0x00000000c6300000|100%| E|CS|TAMS 0x00000000c6200000, 0x00000000c6200000| Complete 
|  61|0x00000000c6900000, 0x00000000c6a00000, 0x00000000c6a00000|100%| E|CS|TAMS 0x00000000c6900000, 0x00000000c6900000| Complete 

Card table byte_map: [0x0000027b133a0000,0x0000027b13590000] _byte_map_base: 0x0000027b12d8a000

Marking Bits (Prev, Next): (CMBitMap*) 0x0000027b13617cb8, (CMBitMap*) 0x0000027b13617cf8
 Prev Bits: [0x0000027b26490000, 0x0000027b273e0000)
 Next Bits: [0x0000027b273e0000, 0x0000027b28330000)

Polling page: 0x0000027b114d0000

Metaspace:

Usage:
  Non-class:     42.62 MB capacity,    41.71 MB ( 98%) used,   758.40 KB (  2%) free+waste,   174.69 KB ( <1%) overhead. 
      Class:      6.09 MB capacity,     5.53 MB ( 91%) used,   498.04 KB (  8%) free+waste,    79.25 KB (  1%) overhead. 
       Both:     48.71 MB capacity,    47.24 MB ( 97%) used,     1.23 MB (  3%) free+waste,   253.94 KB ( <1%) overhead. 

Virtual space:
  Non-class space:       44.00 MB reserved,      42.67 MB ( 97%) committed 
      Class space:        1.00 GB reserved,       6.13 MB ( <1%) committed 
             Both:        1.04 GB reserved,      48.80 MB (  5%) committed 

Chunk freelists:
   Non-Class:  53.00 KB
       Class:  0 bytes
        Both:  53.00 KB

MaxMetaspaceSize: 17179869184.00 GB
CompressedClassSpaceSize: 1.00 GB

CodeHeap 'non-profiled nmethods': size=120064Kb used=3776Kb max_used=3776Kb free=116287Kb
 bounds [0x0000027b1ed60000, 0x0000027b1f120000, 0x0000027b262a0000]
CodeHeap 'profiled nmethods': size=120000Kb used=12691Kb max_used=12691Kb free=107308Kb
 bounds [0x0000027b17830000, 0x0000027b184a0000, 0x0000027b1ed60000]
CodeHeap 'non-nmethods': size=5696Kb used=1253Kb max_used=1322Kb free=4442Kb
 bounds [0x0000027b172a0000, 0x0000027b17510000, 0x0000027b17830000]
 total_blobs=6114 nmethods=5582 adapters=444
 compilation: enabled
              stopped_count=0, restarted_count=0
 full_count=0

Compilation events (20 events):
Event: 3083.666 Thread 0x0000027b2b0df800 6357       3       java.net.SocketImpl::<init> (5 bytes)
Event: 3083.667 Thread 0x0000027b2b0df800 nmethod 6357 0x0000027b18490f10 code [0x0000027b184910a0, 0x0000027b184911f8]
Event: 3083.667 Thread 0x0000027b2b0df800 6358       1       java.net.Socket::isConnected (5 bytes)
Event: 3083.667 Thread 0x0000027b2b0df800 nmethod 6358 0x0000027b1f10ea90 code [0x0000027b1f10ec20, 0x0000027b1f10ecd8]
Event: 3095.671 Thread 0x0000027b2b0df800 6359       3       sun.net.www.ParseUtil::encodePath (361 bytes)
Event: 3095.672 Thread 0x0000027b2b0df800 nmethod 6359 0x0000027b18491290 code [0x0000027b18491580, 0x0000027b18492768]
Event: 3106.385 Thread 0x0000027b2a769800 6360       4       java.util.concurrent.locks.AbstractQueuedSynchronizer$ConditionObject::doSignal (54 bytes)
Event: 3106.396 Thread 0x0000027b2a769800 nmethod 6360 0x0000027b1f10ed90 code [0x0000027b1f10ef60, 0x0000027b1f10f668]
Event: 3109.684 Thread 0x0000027b2b0df800 6361       3       java.net.SocketException::<init> (6 bytes)
Event: 3109.685 Thread 0x0000027b2b0df800 nmethod 6361 0x0000027b18492e10 code [0x0000027b18492fc0, 0x0000027b184931a8]
Event: 3131.696 Thread 0x0000027b2b0df800 6362       3       sun.nio.ch.NioSocketImpl::park (32 bytes)
Event: 3131.697 Thread 0x0000027b2b0df800 nmethod 6362 0x0000027b18493290 code [0x0000027b18493440, 0x0000027b18493638]
Event: 3133.699 Thread 0x0000027b2a769800 6363       4       java.util.concurrent.locks.ReentrantLock::unlock (10 bytes)
Event: 3133.708 Thread 0x0000027b2a769800 nmethod 6363 0x0000027b1f10f890 code [0x0000027b1f10fa60, 0x0000027b1f10fc88]
Event: 3179.724 Thread 0x0000027b2b0df800 6365       3       sun.nio.ch.SocketOptionRegistry::findOption (23 bytes)
Event: 3179.725 Thread 0x0000027b2b0df800 nmethod 6365 0x0000027b18493710 code [0x0000027b18493920, 0x0000027b184940a8]
Event: 3179.725 Thread 0x0000027b2b0df800 6366       3       sun.nio.ch.SocketOptionRegistry$RegistryKey::equals (48 bytes)
Event: 3179.725 Thread 0x0000027b2b0df800 nmethod 6366 0x0000027b18494310 code [0x0000027b184944c0, 0x0000027b184948d8]
Event: 3191.732 Thread 0x0000027b2b0df800 6367       3       java.util.concurrent.atomic.AtomicBoolean::<init> (5 bytes)
Event: 3191.733 Thread 0x0000027b2b0df800 nmethod 6367 0x0000027b18494990 code [0x0000027b18494b20, 0x0000027b18494c78]

GC Heap History (20 events):
Event: 1606.419 GC heap before
{Heap before GC invocations=42 (full 3):
 garbage-first heap   total 32768K, used 22530K [0x00000000c2c00000, 0x0000000100000000)
  region size 1024K, 11 young (11264K), 2 survivors (2048K)
 Metaspace       used 47493K, capacity 48914K, committed 49072K, reserved 1091584K
  class space    used 5576K, capacity 6139K, committed 6144K, reserved 1048576K
}
Event: 1606.425 GC heap after
{Heap after GC invocations=43 (full 3):
 garbage-first heap   total 32768K, used 14962K [0x00000000c2c00000, 0x0000000100000000)
  region size 1024K, 2 young (2048K), 2 survivors (2048K)
 Metaspace       used 47493K, capacity 48914K, committed 49072K, reserved 1091584K
  class space    used 5576K, capacity 6139K, committed 6144K, reserved 1048576K
}
Event: 1728.297 GC heap before
{Heap before GC invocations=43 (full 3):
 garbage-first heap   total 32768K, used 23154K [0x00000000c2c00000, 0x0000000100000000)
  region size 1024K, 10 young (10240K), 2 survivors (2048K)
 Metaspace       used 47543K, capacity 48982K, committed 49072K, reserved 1091584K
  class space    used 5577K, capacity 6140K, committed 6144K, reserved 1048576K
}
Event: 1728.306 GC heap after
{Heap after GC invocations=44 (full 3):
 garbage-first heap   total 32768K, used 15445K [0x00000000c2c00000, 0x0000000100000000)
  region size 1024K, 2 young (2048K), 2 survivors (2048K)
 Metaspace       used 47543K, capacity 48982K, committed 49072K, reserved 1091584K
  class space    used 5577K, capacity 6140K, committed 6144K, reserved 1048576K
}
Event: 1989.677 GC heap before
{Heap before GC invocations=45 (full 3):
 garbage-first heap   total 32768K, used 21589K [0x00000000c2c00000, 0x0000000100000000)
  region size 1024K, 9 young (9216K), 2 survivors (2048K)
 Metaspace       used 47562K, capacity 49046K, committed 49072K, reserved 1091584K
  class space    used 5577K, capacity 6140K, committed 6144K, reserved 1048576K
}
Event: 1989.743 GC heap after
{Heap after GC invocations=46 (full 4):
 garbage-first heap   total 32768K, used 13185K [0x00000000c2c00000, 0x0000000100000000)
  region size 1024K, 0 young (0K), 0 survivors (0K)
 Metaspace       used 47562K, capacity 49046K, committed 49072K, reserved 1091584K
  class space    used 5577K, capacity 6140K, committed 6144K, reserved 1048576K
}
Event: 1990.223 GC heap before
{Heap before GC invocations=46 (full 4):
 garbage-first heap   total 32768K, used 23425K [0x00000000c2c00000, 0x0000000100000000)
  region size 1024K, 10 young (10240K), 0 survivors (0K)
 Metaspace       used 47599K, capacity 49072K, committed 49200K, reserved 1091584K
  class space    used 5581K, capacity 6147K, committed 6272K, reserved 1048576K
}
Event: 1990.227 GC heap after
{Heap after GC invocations=47 (full 4):
 garbage-first heap   total 32768K, used 14334K [0x00000000c2c00000, 0x0000000100000000)
  region size 1024K, 2 young (2048K), 2 survivors (2048K)
 Metaspace       used 47599K, capacity 49072K, committed 49200K, reserved 1091584K
  class space    used 5581K, capacity 6147K, committed 6272K, reserved 1048576K
}
Event: 1990.472 GC heap before
{Heap before GC invocations=47 (full 4):
 garbage-first heap   total 32768K, used 23550K [0x00000000c2c00000, 0x0000000100000000)
  region size 1024K, 11 young (11264K), 2 survivors (2048K)
 Metaspace       used 47638K, capacity 49149K, committed 49456K, reserved 1093632K
  class space    used 5583K, capacity 6150K, committed 6272K, reserved 1048576K
}
Event: 1990.477 GC heap after
{Heap after GC invocations=48 (full 4):
 garbage-first heap   total 32768K, used 14311K [0x00000000c2c00000, 0x0000000100000000)
  region size 1024K, 2 young (2048K), 2 survivors (2048K)
 Metaspace       used 47638K, capacity 49149K, committed 49456K, reserved 1093632K
  class space    used 5583K, capacity 6150K, committed 6272K, reserved 1048576K
}
Event: 1990.992 GC heap before
{Heap before GC invocations=48 (full 4):
 garbage-first heap   total 32768K, used 22503K [0x00000000c2c00000, 0x0000000100000000)
  region size 1024K, 11 young (11264K), 2 survivors (2048K)
 Metaspace       used 47717K, capacity 49222K, committed 49456K, reserved 1093632K
  class space    used 5584K, capacity 6151K, committed 6272K, reserved 1048576K
}
Event: 1990.997 GC heap after
{Heap after GC invocations=49 (full 4):
 garbage-first heap   total 32768K, used 15018K [0x00000000c2c00000, 0x0000000100000000)
  region size 1024K, 2 young (2048K), 2 survivors (2048K)
 Metaspace       used 47717K, capacity 49222K, committed 49456K, reserved 1093632K
  class space    used 5584K, capacity 6151K, committed 6272K, reserved 1048576K
}
Event: 2062.778 GC heap before
{Heap before GC invocations=49 (full 4):
 garbage-first heap   total 32768K, used 23210K [0x00000000c2c00000, 0x0000000100000000)
  region size 1024K, 10 young (10240K), 2 survivors (2048K)
 Metaspace       used 47800K, capacity 49262K, committed 49456K, reserved 1093632K
  class space    used 5592K, capacity 6162K, committed 6272K, reserved 1048576K
}
Event: 2062.784 GC heap after
{Heap after GC invocations=50 (full 4):
 garbage-first heap   total 32768K, used 15561K [0x00000000c2c00000, 0x0000000100000000)
  region size 1024K, 2 young (2048K), 2 survivors (2048K)
 Metaspace       used 47800K, capacity 49262K, committed 49456K, reserved 1093632K
  class space    used 5592K, capacity 6162K, committed 6272K, reserved 1048576K
}
Event: 2239.621 GC heap before
{Heap before GC invocations=51 (full 4):
 garbage-first heap   total 32768K, used 22729K [0x00000000c2c00000, 0x0000000100000000)
  region size 1024K, 10 young (10240K), 2 survivors (2048K)
 Metaspace       used 48302K, capacity 49813K, committed 49968K, reserved 1093632K
  class space    used 5662K, capacity 6239K, committed 6272K, reserved 1048576K
}
Event: 2239.628 GC heap after
{Heap after GC invocations=52 (full 4):
 garbage-first heap   total 32768K, used 15662K [0x00000000c2c00000, 0x0000000100000000)
  region size 1024K, 1 young (1024K), 1 survivors (1024K)
 Metaspace       used 48302K, capacity 49813K, committed 49968K, reserved 1093632K
  class space    used 5662K, capacity 6239K, committed 6272K, reserved 1048576K
}
Event: 2275.114 GC heap before
{Heap before GC invocations=52 (full 4):
 garbage-first heap   total 32768K, used 16686K [0x00000000c2c00000, 0x0000000100000000)
  region size 1024K, 2 young (2048K), 1 survivors (1024K)
 Metaspace       used 48309K, capacity 49819K, committed 49968K, reserved 1093632K
  class space    used 5662K, capacity 6240K, committed 6272K, reserved 1048576K
}
Event: 2275.139 GC heap after
{Heap after GC invocations=53 (full 4):
 garbage-first heap   total 32768K, used 14512K [0x00000000c2c00000, 0x0000000100000000)
  region size 1024K, 1 young (1024K), 1 survivors (1024K)
 Metaspace       used 48309K, capacity 49819K, committed 49968K, reserved 1093632K
  class space    used 5662K, capacity 6240K, committed 6272K, reserved 1048576K
}
Event: 2736.208 GC heap before
{Heap before GC invocations=53 (full 4):
 garbage-first heap   total 32768K, used 24752K [0x00000000c2c00000, 0x0000000100000000)
  region size 1024K, 11 young (11264K), 1 survivors (1024K)
 Metaspace       used 48360K, capacity 49883K, committed 49968K, reserved 1093632K
  class space    used 5662K, capacity 6240K, committed 6272K, reserved 1048576K
}
Event: 2736.219 GC heap after
{Heap after GC invocations=54 (full 4):
 garbage-first heap   total 32768K, used 14508K [0x00000000c2c00000, 0x0000000100000000)
  region size 1024K, 1 young (1024K), 1 survivors (1024K)
 Metaspace       used 48360K, capacity 49883K, committed 49968K, reserved 1093632K
  class space    used 5662K, capacity 6240K, committed 6272K, reserved 1048576K
}

Deoptimization events (20 events):
Event: 2923.827 Thread 0x0000027b2ceda000 DEOPT UNPACKING pc=0x0000027b172e9429 sp=0x000000af0cbfebb8 mode 2
Event: 2923.827 Thread 0x0000027b2ceda000 Uncommon trap: trap_request=0xffffffd6 fr.pc=0x0000027b1f10ba68 relative=0x0000000000000488
Event: 2923.827 Thread 0x0000027b2ceda000 Uncommon trap: reason=array_check action=maybe_recompile pc=0x0000027b1f10ba68 method=java.util.HashMap.valuesToArray([Ljava/lang/Object;)[Ljava/lang/Object; @ 62 c2
Event: 2923.827 Thread 0x0000027b2ceda000 DEOPT PACKING pc=0x0000027b1f10ba68 sp=0x000000af0cbfeb70
Event: 2923.827 Thread 0x0000027b2ceda000 DEOPT UNPACKING pc=0x0000027b172e9429 sp=0x000000af0cbfeaf8 mode 2
Event: 2923.828 Thread 0x0000027b2ceda000 Uncommon trap: trap_request=0xffffffd6 fr.pc=0x0000027b1f10ba68 relative=0x0000000000000488
Event: 2923.828 Thread 0x0000027b2ceda000 Uncommon trap: reason=array_check action=maybe_recompile pc=0x0000027b1f10ba68 method=java.util.HashMap.valuesToArray([Ljava/lang/Object;)[Ljava/lang/Object; @ 62 c2
Event: 2923.828 Thread 0x0000027b2ceda000 DEOPT PACKING pc=0x0000027b1f10ba68 sp=0x000000af0cbfeab0
Event: 2923.828 Thread 0x0000027b2ceda000 DEOPT UNPACKING pc=0x0000027b172e9429 sp=0x000000af0cbfea38 mode 2
Event: 2933.829 Thread 0x0000027b2ced6800 Uncommon trap: trap_request=0xffffffd6 fr.pc=0x0000027b1f10ba68 relative=0x0000000000000488
Event: 2933.829 Thread 0x0000027b2ced6800 Uncommon trap: reason=array_check action=maybe_recompile pc=0x0000027b1f10ba68 method=java.util.HashMap.valuesToArray([Ljava/lang/Object;)[Ljava/lang/Object; @ 62 c2
Event: 2933.829 Thread 0x0000027b2ced6800 DEOPT PACKING pc=0x0000027b1f10ba68 sp=0x000000af0ccfeaf0
Event: 2933.829 Thread 0x0000027b2ced6800 DEOPT UNPACKING pc=0x0000027b172e9429 sp=0x000000af0ccfea78 mode 2
Event: 3193.754 Thread 0x0000027b2ceda800 Uncommon trap: trap_request=0xffffff45 fr.pc=0x0000027b1efd9004 relative=0x0000000000000844
Event: 3193.754 Thread 0x0000027b2ceda800 Uncommon trap: reason=unstable_if action=reinterpret pc=0x0000027b1efd9004 method=java.io.File.listFiles()[Ljava/io/File; @ 6 c2
Event: 3193.754 Thread 0x0000027b2ceda800 DEOPT PACKING pc=0x0000027b1efd9004 sp=0x000000af0d3feff0
Event: 3193.754 Thread 0x0000027b2ceda800 DEOPT UNPACKING pc=0x0000027b172e9429 sp=0x000000af0d3fefd8 mode 2
Event: 3193.754 Thread 0x0000027b2ceda800 Uncommon trap: trap_request=0xffffff45 fr.pc=0x0000027b1efdf554 relative=0x00000000000055b4
Event: 3193.754 Thread 0x0000027b2ceda800 Uncommon trap: reason=unstable_if action=reinterpret pc=0x0000027b1efdf554 method=org.springframework.boot.devtools.filewatch.DirectorySnapshot.collectFiles(Ljava/io/File;Ljava/util/Set;)V @ 6 c2
Event: 3193.754 Thread 0x0000027b2ceda800 DEOPT PACKING pc=0x0000027b1efdf554 sp=0x000000af0d3ff090

Classes unloaded (20 events):
Event: 1543.296 Thread 0x0000027b2a724000 Unloading class 0x0000000100150c40 'java/lang/invoke/LambdaForm$MH'
Event: 1543.296 Thread 0x0000027b2a724000 Unloading class 0x0000000100150840 'java/lang/invoke/LambdaForm$MH'
Event: 1543.296 Thread 0x0000027b2a724000 Unloading class 0x0000000100150440 'java/lang/invoke/LambdaForm$MH'
Event: 1543.296 Thread 0x0000027b2a724000 Unloading class 0x0000000100150040 'java/lang/invoke/LambdaForm$MH'
Event: 1543.297 Thread 0x0000027b2a724000 Unloading class 0x0000000100129840 'java/lang/invoke/LambdaForm$MH'
Event: 1543.297 Thread 0x0000027b2a724000 Unloading class 0x000000010012a440 'java/lang/invoke/LambdaForm$MH'
Event: 1567.529 Thread 0x0000027b2a724000 Unloading class 0x00000001005a5c40 'java/lang/invoke/LambdaForm$MH'
Event: 1567.529 Thread 0x0000027b2a724000 Unloading class 0x00000001005a6c40 'jdk/internal/reflect/GeneratedConstructorAccessor22'
Event: 1567.529 Thread 0x0000027b2a724000 Unloading class 0x00000001005a0040 'java/lang/invoke/LambdaForm$MH'
Event: 1567.529 Thread 0x0000027b2a724000 Unloading class 0x0000000100582840 'java/lang/invoke/LambdaForm$MH'
Event: 1567.529 Thread 0x0000027b2a724000 Unloading class 0x0000000100583440 'java/lang/invoke/LambdaForm$BMH'
Event: 1595.775 Thread 0x0000027b2a724000 Unloading class 0x00000001005e0840 'jdk/internal/reflect/GeneratedMethodAccessor36'
Event: 1595.775 Thread 0x0000027b2a724000 Unloading class 0x00000001005e0440 'jdk/internal/reflect/GeneratedMethodAccessor35'
Event: 1595.775 Thread 0x0000027b2a724000 Unloading class 0x00000001005e0040 'jdk/internal/reflect/GeneratedMethodAccessor34'
Event: 1595.775 Thread 0x0000027b2a724000 Unloading class 0x00000001005a1c40 'jdk/internal/reflect/GeneratedMethodAccessor33'
Event: 1595.775 Thread 0x0000027b2a724000 Unloading class 0x00000001005a1840 'jdk/internal/reflect/GeneratedMethodAccessor32'
Event: 1595.775 Thread 0x0000027b2a724000 Unloading class 0x00000001001c2840 'org/apache/catalina/loader/JdbcLeakPrevention'
Event: 1605.150 Thread 0x0000027b2a724000 Unloading class 0x00000001005e2840 'org/apache/catalina/loader/JdbcLeakPrevention'
Event: 1728.352 Thread 0x0000027b2a724000 Unloading class 0x00000001005fb840 'org/apache/catalina/loader/JdbcLeakPrevention'
Event: 2062.830 Thread 0x0000027b2a724000 Unloading class 0x00000001005fb840 'org/apache/catalina/loader/JdbcLeakPrevention'

Classes redefined (0 events):
No events

Internal exceptions (20 events):
Event: 3097.678 Thread 0x0000027b2ced5000 Exception <a 'java/net/ConnectException'{0x00000000c44b4670}: Connection refused: no further information> (0x00000000c44b4670) 
thrown [./open/src/hotspot/share/prims/jni.cpp, line 620]
Event: 3097.679 Thread 0x0000027b2ced5000 Exception <a 'java/net/SocketException'{0x00000000c44b49a8}: Socket is not connected: shutdown> (0x00000000c44b49a8) 
thrown [./open/src/hotspot/share/prims/jni.cpp, line 620]
Event: 3109.684 Thread 0x0000027b2ced5000 Exception <a 'java/net/ConnectException'{0x00000000c44b5ca8}: Connection refused: no further information> (0x00000000c44b5ca8) 
thrown [./open/src/hotspot/share/prims/jni.cpp, line 620]
Event: 3109.684 Thread 0x0000027b2ced5000 Exception <a 'java/net/SocketException'{0x00000000c44b5fe0}: Socket is not connected: shutdown> (0x00000000c44b5fe0) 
thrown [./open/src/hotspot/share/prims/jni.cpp, line 620]
Event: 3121.693 Thread 0x0000027b2ced5000 Exception <a 'java/net/ConnectException'{0x00000000c43457f0}: Connection refused: no further information> (0x00000000c43457f0) 
thrown [./open/src/hotspot/share/prims/jni.cpp, line 620]
Event: 3121.693 Thread 0x0000027b2ced5000 Exception <a 'java/net/SocketException'{0x00000000c4345b28}: Socket is not connected: shutdown> (0x00000000c4345b28) 
thrown [./open/src/hotspot/share/prims/jni.cpp, line 620]
Event: 3133.698 Thread 0x0000027b2ced5000 Exception <a 'java/net/ConnectException'{0x00000000c4346e28}: Connection refused: no further information> (0x00000000c4346e28) 
thrown [./open/src/hotspot/share/prims/jni.cpp, line 620]
Event: 3133.699 Thread 0x0000027b2ced5000 Exception <a 'java/net/SocketException'{0x00000000c4347160}: Socket is not connected: shutdown> (0x00000000c4347160) 
thrown [./open/src/hotspot/share/prims/jni.cpp, line 620]
Event: 3145.707 Thread 0x0000027b2ced5000 Exception <a 'java/net/ConnectException'{0x00000000c4348460}: Connection refused: no further information> (0x00000000c4348460) 
thrown [./open/src/hotspot/share/prims/jni.cpp, line 620]
Event: 3145.707 Thread 0x0000027b2ced5000 Exception <a 'java/net/SocketException'{0x00000000c43d44c0}: Socket is not connected: shutdown> (0x00000000c43d44c0) 
thrown [./open/src/hotspot/share/prims/jni.cpp, line 620]
Event: 3157.714 Thread 0x0000027b2ced5000 Exception <a 'java/net/ConnectException'{0x00000000c43d5948}: Connection refused: no further information> (0x00000000c43d5948) 
thrown [./open/src/hotspot/share/prims/jni.cpp, line 620]
Event: 3157.714 Thread 0x0000027b2ced5000 Exception <a 'java/net/SocketException'{0x00000000c43d5c80}: Socket is not connected: shutdown> (0x00000000c43d5c80) 
thrown [./open/src/hotspot/share/prims/jni.cpp, line 620]
Event: 3169.722 Thread 0x0000027b2ced5000 Exception <a 'java/net/ConnectException'{0x00000000c43d6f80}: Connection refused: no further information> (0x00000000c43d6f80) 
thrown [./open/src/hotspot/share/prims/jni.cpp, line 620]
Event: 3169.723 Thread 0x0000027b2ced5000 Exception <a 'java/net/SocketException'{0x00000000c43d71a8}: Socket is not connected: shutdown> (0x00000000c43d71a8) 
thrown [./open/src/hotspot/share/prims/jni.cpp, line 620]
Event: 3181.730 Thread 0x0000027b2ced5000 Exception <a 'java/net/ConnectException'{0x00000000c4248bc8}: Connection refused: no further information> (0x00000000c4248bc8) 
thrown [./open/src/hotspot/share/prims/jni.cpp, line 620]
Event: 3181.730 Thread 0x0000027b2ced5000 Exception <a 'java/net/SocketException'{0x00000000c4248f00}: Socket is not connected: shutdown> (0x00000000c4248f00) 
thrown [./open/src/hotspot/share/prims/jni.cpp, line 620]
Event: 3193.737 Thread 0x0000027b2ced5000 Exception <a 'java/net/ConnectException'{0x00000000c424a358}: Connection refused: no further information> (0x00000000c424a358) 
thrown [./open/src/hotspot/share/prims/jni.cpp, line 620]
Event: 3193.737 Thread 0x0000027b2ced5000 Exception <a 'java/net/SocketException'{0x00000000c424a690}: Socket is not connected: shutdown> (0x00000000c424a690) 
thrown [./open/src/hotspot/share/prims/jni.cpp, line 620]
Event: 3193.754 Thread 0x0000027b2ceda800 Implicit null exception at 0x0000027b1efd89a7 to 0x0000027b1efd8ff0
Event: 3193.754 Thread 0x0000027b2ceda800 Implicit null exception at 0x0000027b1efd9fec to 0x0000027b1efdf540

Events (20 events):
Event: 2137.184 Executing VM operation: HandshakeOneThread
Event: 2137.184 Executing VM operation: HandshakeOneThread done
Event: 2137.275 loading class java/lang/Throwable$WrappedPrintWriter
Event: 2137.275 loading class java/lang/Throwable$PrintStreamOrWriter
Event: 2137.276 loading class java/lang/Throwable$PrintStreamOrWriter done
Event: 2137.276 loading class java/lang/Throwable$WrappedPrintWriter done
Event: 2137.283 Executing VM operation: HandshakeOneThread
Event: 2137.283 Executing VM operation: HandshakeOneThread done
Event: 2137.290 Executing VM operation: HandshakeOneThread
Event: 2137.290 Executing VM operation: HandshakeOneThread done
Event: 2137.307 Executing VM operation: HandshakeOneThread
Event: 2137.307 Executing VM operation: HandshakeOneThread done
Event: 2239.621 Executing VM operation: G1CollectForAllocation
Event: 2239.628 Executing VM operation: G1CollectForAllocation done
Event: 2252.157 Executing VM operation: HandshakeOneThread
Event: 2252.157 Executing VM operation: HandshakeOneThread done
Event: 2275.114 Executing VM operation: G1CollectForAllocation
Event: 2275.140 Executing VM operation: G1CollectForAllocation done
Event: 2736.208 Executing VM operation: G1CollectForAllocation
Event: 2736.219 Executing VM operation: G1CollectForAllocation done


Dynamic libraries:
0x00007ff6f5980000 - 0x00007ff6f598d000 	C:\Users\likit\Downloads\sts-4.8.0.RELEASE\plugins\org.eclipse.justj.openjdk.hotspot.jre.full.win32.x86_64_14.0.2.v20200815-0932\jre\bin\javaw.exe
0x00007ffe66e60000 - 0x00007ffe67050000 	C:\WINDOWS\SYSTEM32\ntdll.dll
0x00007ffe373d0000 - 0x00007ffe373e2000 	C:\Program Files\AVG\Antivirus\aswhook.dll
0x00007ffe65c10000 - 0x00007ffe65cc2000 	C:\WINDOWS\System32\KERNEL32.DLL
0x00007ffe64c10000 - 0x00007ffe64eb5000 	C:\WINDOWS\System32\KERNELBASE.dll
0x00007ffe63df0000 - 0x00007ffe63eea000 	C:\WINDOWS\System32\ucrtbase.dll
0x00007ffe44df0000 - 0x00007ffe44e08000 	C:\Users\likit\Downloads\sts-4.8.0.RELEASE\plugins\org.eclipse.justj.openjdk.hotspot.jre.full.win32.x86_64_14.0.2.v20200815-0932\jre\bin\jli.dll
0x00007ffe64f10000 - 0x00007ffe650a5000 	C:\WINDOWS\System32\USER32.dll
0x00007ffe646d0000 - 0x00007ffe646f1000 	C:\WINDOWS\System32\win32u.dll
0x00007ffe66530000 - 0x00007ffe66556000 	C:\WINDOWS\System32\GDI32.dll
0x00007ffe649c0000 - 0x00007ffe64b56000 	C:\WINDOWS\System32\gdi32full.dll
0x00007ffe64920000 - 0x00007ffe649be000 	C:\WINDOWS\System32\msvcp_win.dll
0x00007ffe44dd0000 - 0x00007ffe44de5000 	C:\Users\likit\Downloads\sts-4.8.0.RELEASE\plugins\org.eclipse.justj.openjdk.hotspot.jre.full.win32.x86_64_14.0.2.v20200815-0932\jre\bin\VCRUNTIME140.dll
0x00007ffe466d0000 - 0x00007ffe46954000 	C:\WINDOWS\WinSxS\amd64_microsoft.windows.common-controls_6595b64144ccf1df_6.0.18362.1082_none_9e8193e1e45b25c1\COMCTL32.dll
0x00007ffe650b0000 - 0x00007ffe6514e000 	C:\WINDOWS\System32\msvcrt.dll
0x00007ffe65cd0000 - 0x00007ffe66005000 	C:\WINDOWS\System32\combase.dll
0x00007ffe66b10000 - 0x00007ffe66c30000 	C:\WINDOWS\System32\RPCRT4.dll
0x00007ffe64730000 - 0x00007ffe647b0000 	C:\WINDOWS\System32\bcryptPrimitives.dll
0x00007ffe66760000 - 0x00007ffe6678e000 	C:\WINDOWS\System32\IMM32.DLL
0x00007ffe2c8d0000 - 0x00007ffe2c96b000 	C:\Users\likit\Downloads\sts-4.8.0.RELEASE\plugins\org.eclipse.justj.openjdk.hotspot.jre.full.win32.x86_64_14.0.2.v20200815-0932\jre\bin\msvcp140.dll
0x00007ffe279f0000 - 0x00007ffe2850e000 	C:\Users\likit\Downloads\sts-4.8.0.RELEASE\plugins\org.eclipse.justj.openjdk.hotspot.jre.full.win32.x86_64_14.0.2.v20200815-0932\jre\bin\server\jvm.dll
0x00007ffe65a00000 - 0x00007ffe65aa3000 	C:\WINDOWS\System32\ADVAPI32.dll
0x00007ffe66d10000 - 0x00007ffe66da7000 	C:\WINDOWS\System32\sechost.dll
0x00007ffe66970000 - 0x00007ffe66978000 	C:\WINDOWS\System32\PSAPI.DLL
0x00007ffe52510000 - 0x00007ffe52519000 	C:\WINDOWS\SYSTEM32\WSOCK32.dll
0x00007ffe66db0000 - 0x00007ffe66e1f000 	C:\WINDOWS\System32\WS2_32.dll
0x00007ffe617a0000 - 0x00007ffe617c4000 	C:\WINDOWS\SYSTEM32\WINMM.dll
0x00007ffe5a1f0000 - 0x00007ffe5a1fa000 	C:\WINDOWS\SYSTEM32\VERSION.dll
0x00007ffe61690000 - 0x00007ffe616bd000 	C:\WINDOWS\SYSTEM32\WINMMBASE.dll
0x00007ffe64ec0000 - 0x00007ffe64f0a000 	C:\WINDOWS\System32\cfgmgr32.dll
0x00007ffe63d30000 - 0x00007ffe63d41000 	C:\WINDOWS\System32\kernel.appcore.dll
0x00007ffe30b80000 - 0x00007ffe30b8a000 	C:\Users\likit\Downloads\sts-4.8.0.RELEASE\plugins\org.eclipse.justj.openjdk.hotspot.jre.full.win32.x86_64_14.0.2.v20200815-0932\jre\bin\jimage.dll
0x00007ffe62630000 - 0x00007ffe62824000 	C:\WINDOWS\SYSTEM32\DBGHELP.DLL
0x00007ffe57f00000 - 0x00007ffe57f2a000 	C:\WINDOWS\SYSTEM32\dbgcore.DLL
0x00007ffe30b50000 - 0x00007ffe30b75000 	C:\Users\likit\Downloads\sts-4.8.0.RELEASE\plugins\org.eclipse.justj.openjdk.hotspot.jre.full.win32.x86_64_14.0.2.v20200815-0932\jre\bin\java.dll
0x00007ffe30b30000 - 0x00007ffe30b46000 	C:\Users\likit\Downloads\sts-4.8.0.RELEASE\plugins\org.eclipse.justj.openjdk.hotspot.jre.full.win32.x86_64_14.0.2.v20200815-0932\jre\bin\zip.dll
0x00007ffe65160000 - 0x00007ffe65847000 	C:\WINDOWS\System32\SHELL32.dll
0x00007ffe66480000 - 0x00007ffe66529000 	C:\WINDOWS\System32\shcore.dll
0x00007ffe63f50000 - 0x00007ffe646d0000 	C:\WINDOWS\System32\windows.storage.dll
0x00007ffe63d50000 - 0x00007ffe63d73000 	C:\WINDOWS\System32\profapi.dll
0x00007ffe63da0000 - 0x00007ffe63dea000 	C:\WINDOWS\System32\powrprof.dll
0x00007ffe63d20000 - 0x00007ffe63d30000 	C:\WINDOWS\System32\UMPDC.dll
0x00007ffe66cb0000 - 0x00007ffe66d02000 	C:\WINDOWS\System32\shlwapi.dll
0x00007ffe647b0000 - 0x00007ffe647c7000 	C:\WINDOWS\System32\cryptsp.dll
0x00007ffe30840000 - 0x00007ffe30859000 	C:\Users\likit\Downloads\sts-4.8.0.RELEASE\plugins\org.eclipse.justj.openjdk.hotspot.jre.full.win32.x86_64_14.0.2.v20200815-0932\jre\bin\net.dll
0x00007ffe57220000 - 0x00007ffe57310000 	C:\WINDOWS\SYSTEM32\WINHTTP.dll
0x00007ffe63510000 - 0x00007ffe63577000 	C:\WINDOWS\system32\mswsock.dll
0x00007ffe30820000 - 0x00007ffe30832000 	C:\Users\likit\Downloads\sts-4.8.0.RELEASE\plugins\org.eclipse.justj.openjdk.hotspot.jre.full.win32.x86_64_14.0.2.v20200815-0932\jre\bin\nio.dll
0x00007ffe30810000 - 0x00007ffe30820000 	C:\Users\likit\Downloads\sts-4.8.0.RELEASE\plugins\org.eclipse.justj.openjdk.hotspot.jre.full.win32.x86_64_14.0.2.v20200815-0932\jre\bin\verify.dll
0x00007ffe44810000 - 0x00007ffe44819000 	C:\Users\likit\Downloads\sts-4.8.0.RELEASE\plugins\org.eclipse.justj.openjdk.hotspot.jre.full.win32.x86_64_14.0.2.v20200815-0932\jre\bin\management.dll
0x00007ffe44800000 - 0x00007ffe4480b000 	C:\Users\likit\Downloads\sts-4.8.0.RELEASE\plugins\org.eclipse.justj.openjdk.hotspot.jre.full.win32.x86_64_14.0.2.v20200815-0932\jre\bin\management_ext.dll
0x00007ffe4adc0000 - 0x00007ffe4add6000 	C:\WINDOWS\system32\napinsp.dll
0x00007ffe4ada0000 - 0x00007ffe4adba000 	C:\WINDOWS\system32\pnrpnsp.dll
0x00007ffe63260000 - 0x00007ffe6332b000 	C:\WINDOWS\SYSTEM32\DNSAPI.dll
0x00007ffe66ca0000 - 0x00007ffe66ca8000 	C:\WINDOWS\System32\NSI.dll
0x00007ffe63220000 - 0x00007ffe6325a000 	C:\WINDOWS\SYSTEM32\IPHLPAPI.DLL
0x00007ffe4ad90000 - 0x00007ffe4ad9e000 	C:\WINDOWS\System32\winrnr.dll
0x00007ffe5fcc0000 - 0x00007ffe5fcdc000 	C:\WINDOWS\system32\NLAapi.dll
0x00007ffe4df00000 - 0x00007ffe4df15000 	C:\WINDOWS\system32\wshbth.dll
0x00007ffe542e0000 - 0x00007ffe542ea000 	C:\Windows\System32\rasadhlp.dll
0x00007ffe57580000 - 0x00007ffe575f7000 	C:\WINDOWS\System32\fwpuclnt.dll
0x00007ffe64700000 - 0x00007ffe64726000 	C:\WINDOWS\System32\bcrypt.dll
0x00007ffe63080000 - 0x00007ffe630b3000 	C:\WINDOWS\system32\rsaenh.dll
0x00007ffe63c40000 - 0x00007ffe63c65000 	C:\WINDOWS\SYSTEM32\USERENV.dll
0x00007ffe636e0000 - 0x00007ffe636ec000 	C:\WINDOWS\SYSTEM32\CRYPTBASE.dll
0x00007ffe57b60000 - 0x00007ffe57b76000 	C:\WINDOWS\SYSTEM32\dhcpcsvc6.DLL
0x00007ffe57c80000 - 0x00007ffe57c9c000 	C:\WINDOWS\SYSTEM32\dhcpcsvc.DLL

dbghelp: loaded successfully - version: 4.0.5 - missing functions: none
symbol engine: initialized successfully - sym options: 0x614 - pdb path: .;C:\Users\likit\Downloads\sts-4.8.0.RELEASE\plugins\org.eclipse.justj.openjdk.hotspot.jre.full.win32.x86_64_14.0.2.v20200815-0932\jre\bin;C:\WINDOWS\SYSTEM32;C:\Program Files\AVG\Antivirus;C:\WINDOWS\WinSxS\amd64_microsoft.windows.common-controls_6595b64144ccf1df_6.0.18362.1082_none_9e8193e1e45b25c1;C:\Users\likit\Downloads\sts-4.8.0.RELEASE\plugins\org.eclipse.justj.openjdk.hotspot.jre.full.win32.x86_64_14.0.2.v20200815-0932\jre\bin\server

VM Arguments:
jvm_args: -Dfile.encoding=UTF-8 -XX:+ShowCodeDetailsInExceptionMessages 
java_command: com.example.mongo.api.SpringMongodbexampleApplication
java_class_path (initial): C:\Users\likit\Documents\workspace-spring-tool-suite-4-4.8.0.RELEASE\spring-mongodbexample\target\classes;C:\Users\likit\.m2\repository\org\springframework\boot\spring-boot-starter-data-mongodb\2.3.4.RELEASE\spring-boot-starter-data-mongodb-2.3.4.RELEASE.jar;C:\Users\likit\.m2\repository\org\springframework\boot\spring-boot-starter\2.3.4.RELEASE\spring-boot-starter-2.3.4.RELEASE.jar;C:\Users\likit\.m2\repository\org\springframework\boot\spring-boot-starter-logging\2.3.4.RELEASE\spring-boot-starter-logging-2.3.4.RELEASE.jar;C:\Users\likit\.m2\repository\ch\qos\logback\logback-classic\1.2.3\logback-classic-1.2.3.jar;C:\Users\likit\.m2\repository\ch\qos\logback\logback-core\1.2.3\logback-core-1.2.3.jar;C:\Users\likit\.m2\repository\org\apache\logging\log4j\log4j-to-slf4j\2.13.3\log4j-to-slf4j-2.13.3.jar;C:\Users\likit\.m2\repository\org\apache\logging\log4j\log4j-api\2.13.3\log4j-api-2.13.3.jar;C:\Users\likit\.m2\repository\org\slf4j\jul-to-slf4j\1.7.30\jul-to-slf4j-1.7.30.jar;C:\Users\likit\.m2\repository\jakarta\annotation\jakarta.annotation-api\1.3.5\jakarta.annotation-api-1.3.5.jar;C:\Users\likit\.m2\repository\org\yaml\snakeyaml\1.26\snakeyaml-1.26.jar;C:\Users\likit\.m2\repository\org\mongodb\mongodb-driver-sync\4.0.5\mongodb-driver-sync-4.0.5.jar;C:\Users\likit\.m2\repository\org\mongodb\bson\4.0.5\bson-4.0.5.jar;C:\Users\likit\.m2\repository\org\mongodb\mongodb-driver-core\4.0.5\mongodb-driver-core-4.0.5.jar;C:\Users\likit\.m2\repository\org\springframework\data\spring-data-mongodb\3.0.4.RELEASE\spring-data-mongodb-3.0.4.RELEASE.jar;C:\Users\likit\.m2\repository\org\springframework\spring-tx\5.2.9.RELEASE\spring-tx-5.2.9.RELEASE.jar;C:\Users\likit\.m2\repository\org\springframework\spring-context\5.2.9.RELEASE\spring-context-5.2.9.RELEASE.jar;C:\Users\likit\.m2\repository\org\springframework\spring-beans\5.2.9.RELEASE\spring-beans-5.2.9.RELEASE.jar;C:\Users\likit\.m2\repository\org\springframework\spring-expression\5.2.9.RELEASE\spr
Launcher Type: SUN_STANDARD

[Global flags]
     intx CICompilerCount                          = 2                                         {product} {ergonomic}
     uint ConcGCThreads                            = 1                                         {product} {ergonomic}
     uint G1ConcRefinementThreads                  = 2                                         {product} {ergonomic}
   size_t G1HeapRegionSize                         = 1048576                                   {product} {ergonomic}
    uintx GCDrainStackTargetSize                   = 64                                        {product} {ergonomic}
   size_t InitialHeapSize                          = 65011712                                  {product} {ergonomic}
   size_t MarkStackSize                            = 4194304                                   {product} {ergonomic}
   size_t MaxHeapSize                              = 1027604480                                {product} {ergonomic}
   size_t MaxNewSize                               = 616562688                                 {product} {ergonomic}
   size_t MinHeapDeltaBytes                        = 1048576                                   {product} {ergonomic}
   size_t MinHeapSize                              = 8388608                                   {product} {ergonomic}
    uintx NonNMethodCodeHeapSize                   = 5826188                                {pd product} {ergonomic}
    uintx NonProfiledCodeHeapSize                  = 122916026                              {pd product} {ergonomic}
    uintx ProfiledCodeHeapSize                     = 122916026                              {pd product} {ergonomic}
    uintx ReservedCodeCacheSize                    = 251658240                              {pd product} {ergonomic}
     bool SegmentedCodeCache                       = true                                      {product} {ergonomic}
     bool ShowCodeDetailsInExceptionMessages       = true                                   {manageable} {command line}
   size_t SoftMaxHeapSize                          = 1027604480                             {manageable} {ergonomic}
     bool UseCompressedClassPointers               = true                                 {lp64_product} {ergonomic}
     bool UseCompressedOops                        = true                                 {lp64_product} {ergonomic}
     bool UseG1GC                                  = true                                      {product} {ergonomic}
     bool UseLargePagesIndividualAllocation        = false                                  {pd product} {ergonomic}

Logging:
Log output configuration:
 #0: stdout all=warning uptime,level,tags
 #1: stderr all=off uptime,level,tags

Environment Variables:
PATH=C:/Users/likit/Downloads/sts-4.8.0.RELEASE//plugins/org.eclipse.justj.openjdk.hotspot.jre.full.win32.x86_64_14.0.2.v20200815-0932/jre/bin/server;C:/Users/likit/Downloads/sts-4.8.0.RELEASE//plugins/org.eclipse.justj.openjdk.hotspot.jre.full.win32.x86_64_14.0.2.v20200815-0932/jre/bin;C:\WINDOWS\system32;C:\WINDOWS;C:\WINDOWS\System32\Wbem;C:\WINDOWS\System32\WindowsPowerShell\v1.0\;C:\WINDOWS\System32\OpenSSH\;C:\Users\likit\AppData\Local\Microsoft\WindowsApps;;C:\Users\likit\AppData\Local\Programs\Microsoft VS Code\bin;C:\Users\likit\Downloads\sts-4.8.0.RELEASE;
USERNAME=likki
OS=Windows_NT
PROCESSOR_IDENTIFIER=Intel64 Family 6 Model 122 Stepping 1, GenuineIntel



---------------  S Y S T E M  ---------------

OS: Windows 10 , 64 bit Build 18362 (10.0.18362.1082)
OS uptime: 0 days 1:05 hours

CPU:total 2 (initial active 2) (2 cores per cpu, 1 threads per core) family 6 model 122 stepping 1, cmov, cx8, fxsr, mmx, sse, sse2, sse3, ssse3, sse4.1, sse4.2, popcnt, aes, clmul, erms, 3dnowpref, tsc, tscinvbit, sha

Memory: 4k page, system-wide physical 3919M (412M free)
TotalPageFile size 5830M (AvailPageFile size 0M)
current process WorkingSet (physical memory assigned to process): 95M, peak: 177M
current process commit charge ("private bytes"): 184M, peak: 208M

vm_info: OpenJDK 64-Bit Server VM (14.0.2+12-46) for windows-amd64 JRE (14.0.2+12-46), built on Jul  9 2020 00:31:16 by "mach5one" with MS VC++ 15.9 (VS2017)

END.
