#
# There is insufficient memory for the Java Runtime Environment to continue.
# Native memory allocation (malloc) failed to allocate 351472 bytes for Chunk::new
# Possible reasons:
#   The system is out of physical RAM or swap space
#   The process is running with CompressedOops enabled, and the Java Heap may be blocking the growth of the native heap
# Possible solutions:
#   Reduce memory load on the system
#   Increase physical memory or swap space
#   Check if swap backing store is full
#   Decrease Java heap size (-Xmx/-Xms)
#   Decrease number of Java threads
#   Decrease Java thread stack sizes (-Xss)
#   Set larger code cache with -XX:ReservedCodeCacheSize=
#   JVM is running with Unscaled Compressed Oops mode in which the Java heap is
#     placed in the first 4GB address space. The Java Heap base address is the
#     maximum limit for the native heap growth. Please use -XX:HeapBaseMinAddress
#     to set the Java Heap base and to place the Java Heap above 4GB virtual address.
# This output file may be truncated or incomplete.
#
#  Out of Memory Error (./open/src/hotspot/share/memory/arena.cpp:195), pid=5280, tid=10412
#
# JRE version: OpenJDK Runtime Environment (14.0.2+12) (build 14.0.2+12-46)
# Java VM: OpenJDK 64-Bit Server VM (14.0.2+12-46, mixed mode, tiered, compressed oops, g1 gc, windows-amd64)
# No core dump will be written. Minidumps are not enabled by default on client versions of Windows
#

---------------  S U M M A R Y ------------

Command Line: -Dfile.encoding=UTF-8 -XX:+ShowCodeDetailsInExceptionMessages com.example2.mongo.api.SpringMongodbexample2Application

Host: Intel(R) Celeron(R) N4000 CPU @ 1.10GHz, 2 cores, 3G,  Windows 10 , 64 bit Build 18362 (10.0.18362.1082)
Time: Mon Oct 19 20:26:20 2020 India Standard Time elapsed time: 4 seconds (0d 0h 0m 4s)

---------------  T H R E A D  ---------------

Current thread (0x000001acc2639000):  JavaThread "C2 CompilerThread0" daemon [_thread_in_native, id=10412, stack(0x000000a27d300000,0x000000a27d400000)]


Current CompileTask:
C2:   4018 1431       4       jdk.internal.loader.URLClassPath::getResource (74 bytes)

Stack: [0x000000a27d300000,0x000000a27d400000]
Native frames: (J=compiled Java code, j=interpreted, Vv=VM code, C=native code)
V  [jvm.dll+0x5f8a9a]
V  [jvm.dll+0x74247a]
V  [jvm.dll+0x743c2f]
V  [jvm.dll+0x744273]
V  [jvm.dll+0x20d288]
V  [jvm.dll+0xabb07]
V  [jvm.dll+0xac1fc]
V  [jvm.dll+0x31c495]
V  [jvm.dll+0x18cc10]
V  [jvm.dll+0x1e5efa]
V  [jvm.dll+0x1e50b8]
V  [jvm.dll+0x1779cc]
V  [jvm.dll+0x1f4105]
V  [jvm.dll+0x1f22eb]
V  [jvm.dll+0x7070cd]
V  [jvm.dll+0x6ffeda]
V  [jvm.dll+0x5f78f6]
C  [ucrtbase.dll+0x20e82]
C  [KERNEL32.DLL+0x17bd4]
C  [ntdll.dll+0x6ce51]


---------------  P R O C E S S  ---------------

Threads class SMR info:
_java_thread_list=0x000001acc400f180, length=14, elements={
0x000001aca9508000, 0x000001acc2607800, 0x000001acc2611000, 0x000001acc2632800,
0x000001acc2633800, 0x000001acc2637000, 0x000001acc2639000, 0x000001acc265d800,
0x000001acc2fc5000, 0x000001acc30db800, 0x000001acc30f9800, 0x000001acc3b6e800,
0x000001acc3226000, 0x000001acc402a000
}

Java Threads: ( => current thread )
  0x000001aca9508000 JavaThread "main" [_thread_blocked, id=244, stack(0x000000a27c700000,0x000000a27c800000)]
  0x000001acc2607800 JavaThread "Reference Handler" daemon [_thread_blocked, id=14312, stack(0x000000a27ce00000,0x000000a27cf00000)]
  0x000001acc2611000 JavaThread "Finalizer" daemon [_thread_blocked, id=14260, stack(0x000000a27cf00000,0x000000a27d000000)]
  0x000001acc2632800 JavaThread "Signal Dispatcher" daemon [_thread_blocked, id=1536, stack(0x000000a27d000000,0x000000a27d100000)]
  0x000001acc2633800 JavaThread "Attach Listener" daemon [_thread_blocked, id=13624, stack(0x000000a27d100000,0x000000a27d200000)]
  0x000001acc2637000 JavaThread "Service Thread" daemon [_thread_blocked, id=14204, stack(0x000000a27d200000,0x000000a27d300000)]
=>0x000001acc2639000 JavaThread "C2 CompilerThread0" daemon [_thread_in_native, id=10412, stack(0x000000a27d300000,0x000000a27d400000)]
  0x000001acc265d800 JavaThread "C1 CompilerThread0" daemon [_thread_blocked, id=3436, stack(0x000000a27d400000,0x000000a27d500000)]
  0x000001acc2fc5000 JavaThread "Sweeper thread" daemon [_thread_blocked, id=2320, stack(0x000000a27d500000,0x000000a27d600000)]
  0x000001acc30db800 JavaThread "Notification Thread" daemon [_thread_blocked, id=12796, stack(0x000000a27d600000,0x000000a27d700000)]
  0x000001acc30f9800 JavaThread "Common-Cleaner" daemon [_thread_blocked, id=9560, stack(0x000000a27d800000,0x000000a27d900000)]
  0x000001acc3b6e800 JavaThread "Thread-0" [_thread_blocked, id=8560, stack(0x000000a27da00000,0x000000a27db00000)]
  0x000001acc3226000 JavaThread "restartedMain" [_thread_in_native, id=5036, stack(0x000000a27db00000,0x000000a27dc00000)]
  0x000001acc402a000 JavaThread "background-preinit" [_thread_blocked, id=13844, stack(0x000000a27dc00000,0x000000a27dd00000)]

Other Threads:
  0x000001acc25f4000 VMThread "VM Thread" [stack: 0x000000a27cd00000,0x000000a27ce00000] [id=5464]
  0x000001acc30dd000 WatcherThread [stack: 0x000000a27d700000,0x000000a27d800000] [id=14148]
  0x000001aca9536000 GCTaskThread "GC Thread#0" [stack: 0x000000a27c800000,0x000000a27c900000] [id=13096]
  0x000001acc33f1000 GCTaskThread "GC Thread#1" [stack: 0x000000a27d900000,0x000000a27da00000] [id=11272]
  0x000001aca9540800 ConcurrentGCThread "G1 Main Marker" [stack: 0x000000a27c900000,0x000000a27ca00000] [id=2708]
  0x000001aca9542000 ConcurrentGCThread "G1 Conc#0" [stack: 0x000000a27ca00000,0x000000a27cb00000] [id=11856]
  0x000001aca957c000 ConcurrentGCThread "G1 Refine#0" [stack: 0x000000a27cb00000,0x000000a27cc00000] [id=1544]
  0x000001aca957e000 ConcurrentGCThread "G1 Young RemSet Sampling" [stack: 0x000000a27cc00000,0x000000a27cd00000] [id=8912]

Threads with active compile tasks:
C2 CompilerThread0     4075 1431       4       jdk.internal.loader.URLClassPath::getResource (74 bytes)

VM state:not at safepoint (normal execution)

VM Mutex/Monitor currently owned by a thread: None

Heap address: 0x00000000c2c00000, size: 980 MB, Compressed Oops mode: 32-bit
Narrow klass base: 0x0000000000000000, Narrow klass shift: 3
Compressed class space size: 1073741824 Address: 0x0000000100000000

Heap:
 garbage-first heap   total 27648K, used 5561K [0x00000000c2c00000, 0x0000000100000000)
  region size 1024K, 4 young (4096K), 2 survivors (2048K)
 Metaspace       used 17689K, capacity 18076K, committed 18176K, reserved 1073152K
  class space    used 1876K, capacity 2020K, committed 2048K, reserved 1048576K
Heap Regions: E=young(eden), S=young(survivor), O=old, HS=humongous(starts), HC=humongous(continues), CS=collection set, F=free, OA=open archive, CA=closed archive, TAMS=top-at-mark-start (previous, next)
|   0|0x00000000c2c00000, 0x00000000c2d00000, 0x00000000c2d00000|100%| O|  |TAMS 0x00000000c2d00000, 0x00000000c2c00000| Untracked 
|   1|0x00000000c2d00000, 0x00000000c2e00000, 0x00000000c2e00000|100%| O|  |TAMS 0x00000000c2e00000, 0x00000000c2d00000| Untracked 
|   2|0x00000000c2e00000, 0x00000000c2f00000, 0x00000000c2f00000|100%| O|  |TAMS 0x00000000c2f00000, 0x00000000c2e00000| Untracked 
|   3|0x00000000c2f00000, 0x00000000c2fc4600, 0x00000000c3000000| 76%| O|  |TAMS 0x00000000c2fc4600, 0x00000000c2f00000| Untracked 
|   4|0x00000000c3000000, 0x00000000c3000000, 0x00000000c3100000|  0%| F|  |TAMS 0x00000000c3000000, 0x00000000c3000000| Untracked 
|   5|0x00000000c3100000, 0x00000000c3100000, 0x00000000c3200000|  0%| F|  |TAMS 0x00000000c3100000, 0x00000000c3100000| Untracked 
|   6|0x00000000c3200000, 0x00000000c3200000, 0x00000000c3300000|  0%| F|  |TAMS 0x00000000c3200000, 0x00000000c3200000| Untracked 
|   7|0x00000000c3300000, 0x00000000c3300000, 0x00000000c3400000|  0%| F|  |TAMS 0x00000000c3300000, 0x00000000c3300000| Untracked 
|   8|0x00000000c3400000, 0x00000000c3400000, 0x00000000c3500000|  0%| F|  |TAMS 0x00000000c3400000, 0x00000000c3400000| Untracked 
|   9|0x00000000c3500000, 0x00000000c3500000, 0x00000000c3600000|  0%| F|  |TAMS 0x00000000c3500000, 0x00000000c3500000| Untracked 
|  10|0x00000000c3600000, 0x00000000c3600000, 0x00000000c3700000|  0%| F|  |TAMS 0x00000000c3600000, 0x00000000c3600000| Untracked 
|  11|0x00000000c3700000, 0x00000000c3700000, 0x00000000c3800000|  0%| F|  |TAMS 0x00000000c3700000, 0x00000000c3700000| Untracked 
|  12|0x00000000c3800000, 0x00000000c3800000, 0x00000000c3900000|  0%| F|  |TAMS 0x00000000c3800000, 0x00000000c3800000| Untracked 
|  13|0x00000000c3900000, 0x00000000c3900000, 0x00000000c3a00000|  0%| F|  |TAMS 0x00000000c3900000, 0x00000000c3900000| Untracked 
|  14|0x00000000c3a00000, 0x00000000c3a00000, 0x00000000c3b00000|  0%| F|  |TAMS 0x00000000c3a00000, 0x00000000c3a00000| Untracked 
|  15|0x00000000c3b00000, 0x00000000c3b00000, 0x00000000c3c00000|  0%| F|  |TAMS 0x00000000c3b00000, 0x00000000c3b00000| Untracked 
|  16|0x00000000c3c00000, 0x00000000c3c00000, 0x00000000c3d00000|  0%| F|  |TAMS 0x00000000c3c00000, 0x00000000c3c00000| Untracked 
|  17|0x00000000c3d00000, 0x00000000c3d00000, 0x00000000c3e00000|  0%| F|  |TAMS 0x00000000c3d00000, 0x00000000c3d00000| Untracked 
|  18|0x00000000c3e00000, 0x00000000c3e00000, 0x00000000c3f00000|  0%| F|  |TAMS 0x00000000c3e00000, 0x00000000c3e00000| Untracked 
|  19|0x00000000c3f00000, 0x00000000c3f00000, 0x00000000c4000000|  0%| F|  |TAMS 0x00000000c3f00000, 0x00000000c3f00000| Untracked 
|  20|0x00000000c4000000, 0x00000000c4000000, 0x00000000c4100000|  0%| F|  |TAMS 0x00000000c4000000, 0x00000000c4000000| Untracked 
|  21|0x00000000c4100000, 0x00000000c4100000, 0x00000000c4200000|  0%| F|  |TAMS 0x00000000c4100000, 0x00000000c4100000| Untracked 
|  22|0x00000000c4200000, 0x00000000c4200000, 0x00000000c4300000|  0%| F|  |TAMS 0x00000000c4200000, 0x00000000c4200000| Untracked 
|  34|0x00000000c4e00000, 0x00000000c4ea9e48, 0x00000000c4f00000| 66%| S|CS|TAMS 0x00000000c4e00000, 0x00000000c4e00000| Complete 
|  35|0x00000000c4f00000, 0x00000000c5000000, 0x00000000c5000000|100%| S|CS|TAMS 0x00000000c4f00000, 0x00000000c4f00000| Complete 
|  60|0x00000000c6800000, 0x00000000c6871a90, 0x00000000c6900000| 44%| E|  |TAMS 0x00000000c6800000, 0x00000000c6800000| Complete 
|  61|0x00000000c6900000, 0x00000000c69ccca8, 0x00000000c6a00000| 79%| E|  |TAMS 0x00000000c6900000, 0x00000000c6900000| Complete 

Card table byte_map: [0x000001acbdf90000,0x000001acbe180000] _byte_map_base: 0x000001acbd97a000

Marking Bits (Prev, Next): (CMBitMap*) 0x000001aca9537cf8, (CMBitMap*) 0x000001aca9537cb8
 Prev Bits: [0x000001acbf2c0000, 0x000001acc0210000)
 Next Bits: [0x000001acbe370000, 0x000001acbf2c0000)

Polling page: 0x000001aca95d0000

Metaspace:

Usage:
  Non-class:     15.68 MB capacity,    15.45 MB ( 99%) used,   197.44 KB (  1%) free+waste,    37.50 KB ( <1%) overhead. 
      Class:      1.97 MB capacity,     1.83 MB ( 93%) used,   123.47 KB (  6%) free+waste,    18.38 KB ( <1%) overhead. 
       Both:     17.65 MB capacity,    17.28 MB ( 98%) used,   320.91 KB (  2%) free+waste,    55.88 KB ( <1%) overhead. 

Virtual space:
  Non-class space:       24.00 MB reserved,      15.75 MB ( 66%) committed 
      Class space:        1.00 GB reserved,       2.00 MB ( <1%) committed 
             Both:        1.02 GB reserved,      17.75 MB (  2%) committed 

Chunk freelists:
   Non-Class:  8.00 KB
       Class:  28.00 KB
        Both:  36.00 KB

MaxMetaspaceSize: 17179869184.00 GB
CompressedClassSpaceSize: 1.00 GB

CodeHeap 'non-profiled nmethods': size=120064Kb used=492Kb max_used=492Kb free=119571Kb
 bounds [0x000001acb6450000, 0x000001acb66c0000, 0x000001acbd990000]
CodeHeap 'profiled nmethods': size=120000Kb used=2717Kb max_used=2717Kb free=117282Kb
 bounds [0x000001acaef20000, 0x000001acaf1d0000, 0x000001acb6450000]
CodeHeap 'non-nmethods': size=5696Kb used=1165Kb max_used=1181Kb free=4531Kb
 bounds [0x000001acae990000, 0x000001acaec00000, 0x000001acaef20000]
 total_blobs=1859 nmethods=1435 adapters=338
 compilation: enabled
              stopped_count=0, restarted_count=0
 full_count=0

Compilation events (20 events):
Event: 3.935 Thread 0x000001acc265d800 nmethod 1422 0x000001acaf1bfd90 code [0x000001acaf1c00c0, 0x000001acaf1c1318]
Event: 3.935 Thread 0x000001acc265d800 1423       3       java.lang.invoke.MethodHandles$Lookup::checkMethod (87 bytes)
Event: 3.935 Thread 0x000001acc265d800 nmethod 1423 0x000001acaf1c1990 code [0x000001acaf1c1ba0, 0x000001acaf1c22f8]
Event: 3.935 Thread 0x000001acc265d800 1424       3       java.lang.invoke.BoundMethodHandle::<init> (32 bytes)
Event: 3.935 Thread 0x000001acc265d800 nmethod 1424 0x000001acaf1c2590 code [0x000001acaf1c2740, 0x000001acaf1c2888]
Event: 3.936 Thread 0x000001acc265d800 1425       3       java.lang.invoke.LambdaForm::useCount (90 bytes)
Event: 3.937 Thread 0x000001acc265d800 nmethod 1425 0x000001acaf1c2910 code [0x000001acaf1c2ae0, 0x000001acaf1c2e98]
Event: 3.937 Thread 0x000001acc265d800 1426       3       java.lang.invoke.LambdaForm::lastUseIndex (76 bytes)
Event: 3.937 Thread 0x000001acc265d800 nmethod 1426 0x000001acaf1c3090 code [0x000001acaf1c3240, 0x000001acaf1c3548]
Event: 3.939 Thread 0x000001acc265d800 1427       3       java.lang.invoke.InvokerBytecodeGenerator::emitReferenceCast (192 bytes)
Event: 3.940 Thread 0x000001acc2639000 1428       4       java.util.ImmutableCollections$ListN::get (7 bytes)
Event: 3.940 Thread 0x000001acc265d800 nmethod 1427 0x000001acaf1c3710 code [0x000001acaf1c39e0, 0x000001acaf1c4888]
Event: 3.941 Thread 0x000001acc2639000 nmethod 1428 0x000001acb64ca590 code [0x000001acb64ca720, 0x000001acb64ca7f8]
Event: 3.941 Thread 0x000001acc265d800 1429       3       java.lang.invoke.LambdaFormBuffer::changeName (149 bytes)
Event: 3.941 Thread 0x000001acc265d800 nmethod 1429 0x000001acaf1c4d10 code [0x000001acaf1c4ee0, 0x000001acaf1c5408]
Event: 3.943 Thread 0x000001acc265d800 1430  s    3       java.util.Hashtable::get (69 bytes)
Event: 3.944 Thread 0x000001acc265d800 nmethod 1430 0x000001acaf1c5590 code [0x000001acaf1c5760, 0x000001acaf1c5d38]
Event: 3.955 Thread 0x000001acc2639000 1431       4       jdk.internal.loader.URLClassPath::getResource (74 bytes)
Event: 4.002 Thread 0x000001acc265d800 1432       1       java.lang.ClassLoader::getUnnamedModule (5 bytes)
Event: 4.002 Thread 0x000001acc265d800 nmethod 1432 0x000001acb64ca890 code [0x000001acb64caa20, 0x000001acb64caad8]

GC Heap History (6 events):
Event: 1.738 GC heap before
{Heap before GC invocations=0 (full 0):
 garbage-first heap   total 63488K, used 5120K [0x00000000c2c00000, 0x0000000100000000)
  region size 1024K, 6 young (6144K), 0 survivors (0K)
 Metaspace       used 7134K, capacity 7271K, committed 7424K, reserved 1056768K
  class space    used 616K, capacity 657K, committed 768K, reserved 1048576K
}
Event: 1.746 GC heap after
{Heap after GC invocations=1 (full 0):
 garbage-first heap   total 63488K, used 2953K [0x00000000c2c00000, 0x0000000100000000)
  region size 1024K, 1 young (1024K), 1 survivors (1024K)
 Metaspace       used 7134K, capacity 7271K, committed 7424K, reserved 1056768K
  class space    used 616K, capacity 657K, committed 768K, reserved 1048576K
}
Event: 2.153 GC heap before
{Heap before GC invocations=1 (full 0):
 garbage-first heap   total 63488K, used 6025K [0x00000000c2c00000, 0x0000000100000000)
  region size 1024K, 5 young (5120K), 1 survivors (1024K)
 Metaspace       used 9483K, capacity 9602K, committed 9728K, reserved 1058816K
  class space    used 851K, capacity 903K, committed 1024K, reserved 1048576K
}
Event: 2.157 GC heap after
{Heap after GC invocations=2 (full 0):
 garbage-first heap   total 63488K, used 3887K [0x00000000c2c00000, 0x0000000100000000)
  region size 1024K, 1 young (1024K), 1 survivors (1024K)
 Metaspace       used 9483K, capacity 9602K, committed 9728K, reserved 1058816K
  class space    used 851K, capacity 903K, committed 1024K, reserved 1048576K
}
Event: 2.823 GC heap before
{Heap before GC invocations=2 (full 0):
 garbage-first heap   total 63488K, used 11055K [0x00000000c2c00000, 0x0000000100000000)
  region size 1024K, 8 young (8192K), 1 survivors (1024K)
 Metaspace       used 11425K, capacity 11633K, committed 11776K, reserved 1060864K
  class space    used 1101K, capacity 1180K, committed 1280K, reserved 1048576K
}
Event: 2.831 GC heap after
{Heap after GC invocations=3 (full 0):
 garbage-first heap   total 63488K, used 4248K [0x00000000c2c00000, 0x0000000100000000)
  region size 1024K, 1 young (1024K), 1 survivors (1024K)
 Metaspace       used 11425K, capacity 11633K, committed 11776K, reserved 1060864K
  class space    used 1101K, capacity 1180K, committed 1280K, reserved 1048576K
}

Deoptimization events (20 events):
Event: 3.340 Thread 0x000001acc3226000 DEOPT PACKING pc=0x000001acb64994fc sp=0x000000a27dbfc660
Event: 3.340 Thread 0x000001acc3226000 DEOPT UNPACKING pc=0x000001acae9d9429 sp=0x000000a27dbfc600 mode 2
Event: 3.406 Thread 0x000001acc3226000 Uncommon trap: trap_request=0xffffff45 fr.pc=0x000001acb646bc40 relative=0x00000000000001e0
Event: 3.406 Thread 0x000001acc3226000 Uncommon trap: reason=unstable_if action=reinterpret pc=0x000001acb646bc40 method=java.lang.String.startsWith(Ljava/lang/String;I)Z @ 1 c2
Event: 3.406 Thread 0x000001acc3226000 DEOPT PACKING pc=0x000001acb646bc40 sp=0x000000a27dbfd8c0
Event: 3.406 Thread 0x000001acc3226000 DEOPT UNPACKING pc=0x000001acae9d9429 sp=0x000000a27dbfd828 mode 2
Event: 3.436 Thread 0x000001acc3226000 DEOPT PACKING pc=0x000001acaef5bec8 sp=0x000000a27dbfd590
Event: 3.436 Thread 0x000001acc3226000 DEOPT UNPACKING pc=0x000001acae9d993f sp=0x000000a27dbfca98 mode 0
Event: 3.442 Thread 0x000001acc3226000 Uncommon trap: trap_request=0xffffffc6 fr.pc=0x000001acb64b61d0 relative=0x00000000000002b0
Event: 3.442 Thread 0x000001acc3226000 Uncommon trap: reason=bimorphic_or_optimized_type_check action=maybe_recompile pc=0x000001acb64b61d0 method=java.util.HashMap.getNode(ILjava/lang/Object;)Ljava/util/HashMap$Node; @ 59 c2
Event: 3.442 Thread 0x000001acc3226000 DEOPT PACKING pc=0x000001acb64b61d0 sp=0x000000a27dbfdac0
Event: 3.442 Thread 0x000001acc3226000 DEOPT UNPACKING pc=0x000001acae9d9429 sp=0x000000a27dbfda28 mode 2
Event: 3.469 Thread 0x000001acc3226000 Uncommon trap: trap_request=0xffffffc6 fr.pc=0x000001acb64b61d0 relative=0x00000000000002b0
Event: 3.469 Thread 0x000001acc3226000 Uncommon trap: reason=bimorphic_or_optimized_type_check action=maybe_recompile pc=0x000001acb64b61d0 method=java.util.HashMap.getNode(ILjava/lang/Object;)Ljava/util/HashMap$Node; @ 59 c2
Event: 3.469 Thread 0x000001acc3226000 DEOPT PACKING pc=0x000001acb64b61d0 sp=0x000000a27dbfdac0
Event: 3.469 Thread 0x000001acc3226000 DEOPT UNPACKING pc=0x000001acae9d9429 sp=0x000000a27dbfda28 mode 2
Event: 3.522 Thread 0x000001acc3226000 Uncommon trap: trap_request=0xffffff45 fr.pc=0x000001acb64b1b74 relative=0x0000000000001214
Event: 3.522 Thread 0x000001acc3226000 Uncommon trap: reason=unstable_if action=reinterpret pc=0x000001acb64b1b74 method=java.util.concurrent.ConcurrentHashMap.putVal(Ljava/lang/Object;Ljava/lang/Object;Z)Ljava/lang/Object; @ 148 c2
Event: 3.522 Thread 0x000001acc3226000 DEOPT PACKING pc=0x000001acb64b1b74 sp=0x000000a27dbfdeb0
Event: 3.522 Thread 0x000001acc3226000 DEOPT UNPACKING pc=0x000001acae9d9429 sp=0x000000a27dbfde40 mode 2

Classes unloaded (0 events):
No events

Classes redefined (0 events):
No events

Internal exceptions (20 events):
Event: 2.689 Thread 0x000001aca9508000 Exception <a 'java/lang/NoSuchMethodError'{0x00000000c64060d0}: 'void java.lang.invoke.DirectMethodHandle$Holder.invokeSpecial(java.lang.Object, java.lang.Object)'> (0x00000000c64060d0) 
thrown [./open/src/hotspot/share/interpreter/linkResolver.cpp, line 766]
Event: 2.785 Thread 0x000001aca9508000 Exception <a 'java/lang/NoSuchMethodError'{0x00000000c63c5700}: 'java.lang.Object java.lang.invoke.DirectMethodHandle$Holder.invokeStaticInit(java.lang.Object, java.lang.Object, java.lang.Object)'> (0x00000000c63c5700) 
thrown [./open/src/hotspot/share/interpreter/linkResolver.cpp, line 766]
Event: 3.038 Thread 0x000001acc3226000 Exception <a 'java/io/FileNotFoundException'{0x00000000c643b760}> (0x00000000c643b760) 
thrown [./open/src/hotspot/share/prims/jni.cpp, line 599]
Event: 3.252 Thread 0x000001acc3226000 Exception <a 'java/lang/NoSuchMethodError'{0x00000000c5ea12b0}: 'int java.lang.invoke.DirectMethodHandle$Holder.invokeSpecial(java.lang.Object, java.lang.Object, java.lang.Object, java.lang.Object)'> (0x00000000c5ea12b0) 
thrown [./open/src/hotspot/share/interpreter/linkResolver.cpp, line 766]
Event: 3.267 Thread 0x000001acc3226000 Exception <a 'java/lang/NoSuchMethodError'{0x00000000c5ec73b0}: 'void java.lang.invoke.DirectMethodHandle$Holder.invokeSpecial(java.lang.Object, java.lang.Object, java.lang.Object, java.lang.Object)'> (0x00000000c5ec73b0) 
thrown [./open/src/hotspot/share/interpreter/linkResolver.cpp, line 766]
Event: 3.345 Thread 0x000001acc3226000 Exception <a 'java/lang/NoSuchMethodError'{0x00000000c5cb82e0}: 'java.lang.Object java.lang.invoke.DirectMethodHandle$Holder.invokeSpecial(java.lang.Object, java.lang.Object, java.lang.Object, java.lang.Object, java.lang.Object, java.lang.Object, int)'> (0x00000000c5cb82e0) 
thrown [./open/src/hotspot/share/interpreter/linkResolver.cpp, line 766]
Event: 3.349 Thread 0x000001acc3226000 Exception <a 'java/lang/NoSuchMethodError'{0x00000000c5cc0f78}: 'java.lang.Object java.lang.invoke.DirectMethodHandle$Holder.invokeStatic(java.lang.Object, java.lang.Object, java.lang.Object, java.lang.Object, java.lang.Object, java.lang.Object, int)'> (0x00000000c5cc0f78) 
thrown [./open/src/hotspot/share/interpreter/linkResolver.cpp, line 766]
Event: 3.350 Thread 0x000001acc3226000 Exception <a 'java/lang/NoSuchMethodError'{0x00000000c5cc46b8}: 'java.lang.Object java.lang.invoke.DirectMethodHandle$Holder.invokeSpecial(java.lang.Object, java.lang.Object, java.lang.Object, java.lang.Object, java.lang.Object, java.lang.Object, java.lang.Object, int)'> (0x00000000c5cc46b8) 
thrown [./open/src/hotspot/share/interpreter/linkResolver.cpp, line 766]
Event: 3.371 Thread 0x000001acc3226000 Exception <a 'java/lang/NoSuchMethodError'{0x00000000c5b155f8}: 'java.lang.Object java.lang.invoke.DirectMethodHandle$Holder.invokeStatic(java.lang.Object, java.lang.Object, int, java.lang.Object)'> (0x00000000c5b155f8) 
thrown [./open/src/hotspot/share/interpreter/linkResolver.cpp, line 766]
Event: 3.372 Thread 0x000001acc3226000 Exception <a 'java/lang/NoSuchMethodError'{0x00000000c5b1b890}: 'java.lang.Object java.lang.invoke.Invokers$Holder.linkToTargetMethod(java.lang.Object, int, java.lang.Object, java.lang.Object)'> (0x00000000c5b1b890) 
thrown [./open/src/hotspot/share/interpreter/linkResolver.cpp, line 766]
Event: 3.374 Thread 0x000001acc3226000 Exception <a 'java/lang/NoSuchMethodError'{0x00000000c5b205d8}: 'void java.lang.invoke.DirectMethodHandle$Holder.invokeSpecial(java.lang.Object, java.lang.Object, java.lang.Object, java.lang.Object, java.lang.Object, java.lang.Object)'> (0x00000000c5b205d8) 
thrown [./open/src/hotspot/share/interpreter/linkResolver.cpp, line 766]
Event: 3.383 Thread 0x000001acc3226000 Exception <a 'java/lang/NoSuchMethodError'{0x00000000c5b32db0}: 'java.lang.Object java.lang.invoke.Invokers$Holder.linkToTargetMethod(java.lang.Object, java.lang.Object, java.lang.Object, java.lang.Object, java.lang.Object, java.lang.Object)'> (0x00000000c5b32db0) 
thrown [./open/src/hotspot/share/interpreter/linkResolver.cpp, line 766]
Event: 3.388 Thread 0x000001acc3226000 Exception <a 'java/lang/NoSuchMethodError'{0x00000000c5b4b810}: 'int java.lang.invoke.DirectMethodHandle$Holder.invokeVirtual(java.lang.Object, java.lang.Object)'> (0x00000000c5b4b810) 
thrown [./open/src/hotspot/share/interpreter/linkResolver.cpp, line 766]
Event: 3.410 Thread 0x000001acc3226000 Exception <a 'java/lang/NoSuchMethodError'{0x00000000c5bc52c0}: 'void java.lang.invoke.DirectMethodHandle$Holder.invokeStatic(java.lang.Object, java.lang.Object, java.lang.Object, java.lang.Object)'> (0x00000000c5bc52c0) 
thrown [./open/src/hotspot/share/interpreter/linkResolver.cpp, line 766]
Event: 3.500 Thread 0x000001acc3226000 Exception <a 'java/lang/NoSuchMethodError'{0x00000000c597c040}: 'void java.lang.invoke.DirectMethodHandle$Holder.invokeStaticInit(java.lang.Object, java.lang.Object)'> (0x00000000c597c040) 
thrown [./open/src/hotspot/share/interpreter/linkResolver.cpp, line 766]
Event: 3.783 Thread 0x000001acc3226000 Exception <a 'java/lang/NoSuchMethodError'{0x00000000c5797e80}: 'void java.lang.invoke.DirectMethodHandle$Holder.invokeSpecial(java.lang.Object, java.lang.Object, java.lang.Object, java.lang.Object, java.lang.Object)'> (0x00000000c5797e80) 
thrown [./open/src/hotspot/share/interpreter/linkResolver.cpp, line 766]
Event: 3.823 Thread 0x000001acc402a000 Exception <a 'java/lang/NoClassDefFoundError'{0x00000000c561db68}: javax/validation/Validation> (0x00000000c561db68) 
thrown [./open/src/hotspot/share/classfile/systemDictionary.cpp, line 215]
Event: 3.890 Thread 0x000001acc3226000 Exception <a 'java/lang/NoSuchMethodError'{0x00000000c531b1c8}: 'int java.lang.invoke.DirectMethodHandle$Holder.invokeSpecialIFC(java.lang.Object, java.lang.Object, int)'> (0x00000000c531b1c8) 
thrown [./open/src/hotspot/share/interpreter/linkResolver.cpp, line 766]
Event: 3.914 Thread 0x000001acc402a000 Exception <a 'java/lang/NoSuchMethodError'{0x00000000c53dc908}: 'int java.lang.invoke.DirectMethodHandle$Holder.invokeInterface(java.lang.Object, java.lang.Object)'> (0x00000000c53dc908) 
thrown [./open/src/hotspot/share/interpreter/linkResolver.cpp, line 766]
Event: 3.928 Thread 0x000001acc402a000 Exception <a 'java/lang/NoSuchMethodError'{0x00000000c526fde8}: 'java.lang.Object java.lang.invoke.DirectMethodHandle$Holder.invokeStaticInit(java.lang.Object, java.lang.Object, java.lang.Object, java.lang.Object, java.lang.Object)'> (0x00000000c526fde8) 
thrown [./open/src/hotspot/share/interpreter/linkResolver.cpp, line 766]

Events (20 events):
Event: 3.953 loading class com/sun/org/apache/xalan/internal/utils/XMLSecurityManager done
Event: 3.953 loading class com/sun/org/apache/xalan/internal/utils/XMLSecurityManager$Limit
Event: 3.954 Executing VM operation: HandshakeOneThread
Event: 3.954 loading class com/sun/org/apache/xalan/internal/utils/XMLSecurityManager$Limit done
Event: 3.954 Executing VM operation: HandshakeOneThread done
Event: 3.954 Executing VM operation: HandshakeOneThread
Event: 3.954 Executing VM operation: HandshakeOneThread done
Event: 3.954 loading class com/sun/org/apache/xalan/internal/utils/XMLSecurityManager$State
Event: 3.954 loading class com/sun/org/apache/xalan/internal/utils/XMLSecurityManager$State done
Event: 3.954 loading class com/sun/org/apache/xalan/internal/utils/XMLSecurityManager$NameMap
Event: 3.954 loading class com/sun/org/apache/xalan/internal/utils/XMLSecurityManager$NameMap done
Event: 3.957 loading class java/lang/CloneNotSupportedException
Event: 3.957 loading class java/lang/CloneNotSupportedException done
Event: 3.959 Executing VM operation: HandshakeOneThread
Event: 3.959 Executing VM operation: HandshakeOneThread done
Event: 3.959 Executing VM operation: HandshakeOneThread
Event: 3.959 Executing VM operation: HandshakeOneThread done
Event: 3.969 loading class java/util/concurrent/CopyOnWriteArraySet
Event: 3.969 loading class java/util/concurrent/CopyOnWriteArraySet done
Event: 4.003 Executing VM operation: CollectForMetadataAllocation


Dynamic libraries:
0x00007ff6591f0000 - 0x00007ff6591fd000 	C:\Users\likit\Downloads\sts-4.8.0.RELEASE\plugins\org.eclipse.justj.openjdk.hotspot.jre.full.win32.x86_64_14.0.2.v20200815-0932\jre\bin\javaw.exe
0x00007ffdc14e0000 - 0x00007ffdc16d0000 	C:\WINDOWS\SYSTEM32\ntdll.dll
0x00007ffda5200000 - 0x00007ffda5212000 	C:\Program Files\AVG\Antivirus\aswhook.dll
0x00007ffdc0b00000 - 0x00007ffdc0bb2000 	C:\WINDOWS\System32\KERNEL32.DLL
0x00007ffdbef10000 - 0x00007ffdbf1b5000 	C:\WINDOWS\System32\KERNELBASE.dll
0x00007ffdbecc0000 - 0x00007ffdbedba000 	C:\WINDOWS\System32\ucrtbase.dll
0x00007ffda94a0000 - 0x00007ffda94b8000 	C:\Users\likit\Downloads\sts-4.8.0.RELEASE\plugins\org.eclipse.justj.openjdk.hotspot.jre.full.win32.x86_64_14.0.2.v20200815-0932\jre\bin\jli.dll
0x00007ffdbf630000 - 0x00007ffdbf7c5000 	C:\WINDOWS\System32\USER32.dll
0x00007ffdbf4b0000 - 0x00007ffdbf4d1000 	C:\WINDOWS\System32\win32u.dll
0x00007ffdbf980000 - 0x00007ffdbf9a6000 	C:\WINDOWS\System32\GDI32.dll
0x00007ffdbf1c0000 - 0x00007ffdbf356000 	C:\WINDOWS\System32\gdi32full.dll
0x00007ffdbec20000 - 0x00007ffdbecbe000 	C:\WINDOWS\System32\msvcp_win.dll
0x00007ffda9480000 - 0x00007ffda9495000 	C:\Users\likit\Downloads\sts-4.8.0.RELEASE\plugins\org.eclipse.justj.openjdk.hotspot.jre.full.win32.x86_64_14.0.2.v20200815-0932\jre\bin\VCRUNTIME140.dll
0x00007ffda8f20000 - 0x00007ffda91a4000 	C:\WINDOWS\WinSxS\amd64_microsoft.windows.common-controls_6595b64144ccf1df_6.0.18362.1082_none_9e8193e1e45b25c1\COMCTL32.dll
0x00007ffdbf590000 - 0x00007ffdbf62e000 	C:\WINDOWS\System32\msvcrt.dll
0x00007ffdc05d0000 - 0x00007ffdc0905000 	C:\WINDOWS\System32\combase.dll
0x00007ffdc09e0000 - 0x00007ffdc0b00000 	C:\WINDOWS\System32\RPCRT4.dll
0x00007ffdbf3d0000 - 0x00007ffdbf450000 	C:\WINDOWS\System32\bcryptPrimitives.dll
0x00007ffdc0bc0000 - 0x00007ffdc0bee000 	C:\WINDOWS\System32\IMM32.DLL
0x00007ffda8620000 - 0x00007ffda86bb000 	C:\Users\likit\Downloads\sts-4.8.0.RELEASE\plugins\org.eclipse.justj.openjdk.hotspot.jre.full.win32.x86_64_14.0.2.v20200815-0932\jre\bin\msvcp140.dll
0x00007ffd7e440000 - 0x00007ffd7ef5e000 	C:\Users\likit\Downloads\sts-4.8.0.RELEASE\plugins\org.eclipse.justj.openjdk.hotspot.jre.full.win32.x86_64_14.0.2.v20200815-0932\jre\bin\server\jvm.dll
0x00007ffdc0cc0000 - 0x00007ffdc0d63000 	C:\WINDOWS\System32\ADVAPI32.dll
0x00007ffdc1380000 - 0x00007ffdc1417000 	C:\WINDOWS\System32\sechost.dll
0x00007ffdc1490000 - 0x00007ffdc1498000 	C:\WINDOWS\System32\PSAPI.DLL
0x00007ffdae840000 - 0x00007ffdae849000 	C:\WINDOWS\SYSTEM32\WSOCK32.dll
0x00007ffdc1420000 - 0x00007ffdc148f000 	C:\WINDOWS\System32\WS2_32.dll
0x00007ffdbba60000 - 0x00007ffdbba84000 	C:\WINDOWS\SYSTEM32\WINMM.dll
0x00007ffdb89f0000 - 0x00007ffdb89fa000 	C:\WINDOWS\SYSTEM32\VERSION.dll
0x00007ffdbba30000 - 0x00007ffdbba5d000 	C:\WINDOWS\SYSTEM32\WINMMBASE.dll
0x00007ffdbf380000 - 0x00007ffdbf3ca000 	C:\WINDOWS\System32\cfgmgr32.dll
0x00007ffdbe450000 - 0x00007ffdbe461000 	C:\WINDOWS\System32\kernel.appcore.dll
0x00007ffdba390000 - 0x00007ffdba39a000 	C:\Users\likit\Downloads\sts-4.8.0.RELEASE\plugins\org.eclipse.justj.openjdk.hotspot.jre.full.win32.x86_64_14.0.2.v20200815-0932\jre\bin\jimage.dll
0x00007ffdbccb0000 - 0x00007ffdbcea4000 	C:\WINDOWS\SYSTEM32\DBGHELP.DLL
0x00007ffdb6b10000 - 0x00007ffdb6b3a000 	C:\WINDOWS\SYSTEM32\dbgcore.DLL
0x00007ffdaa030000 - 0x00007ffdaa055000 	C:\Users\likit\Downloads\sts-4.8.0.RELEASE\plugins\org.eclipse.justj.openjdk.hotspot.jre.full.win32.x86_64_14.0.2.v20200815-0932\jre\bin\java.dll
0x00007ffdada80000 - 0x00007ffdada96000 	C:\Users\likit\Downloads\sts-4.8.0.RELEASE\plugins\org.eclipse.justj.openjdk.hotspot.jre.full.win32.x86_64_14.0.2.v20200815-0932\jre\bin\zip.dll
0x00007ffdbfee0000 - 0x00007ffdc05c7000 	C:\WINDOWS\System32\SHELL32.dll
0x00007ffdbfdb0000 - 0x00007ffdbfe59000 	C:\WINDOWS\System32\shcore.dll
0x00007ffdbe470000 - 0x00007ffdbebf0000 	C:\WINDOWS\System32\windows.storage.dll
0x00007ffdbe420000 - 0x00007ffdbe443000 	C:\WINDOWS\System32\profapi.dll
0x00007ffdbe3b0000 - 0x00007ffdbe3fa000 	C:\WINDOWS\System32\powrprof.dll
0x00007ffdbe3a0000 - 0x00007ffdbe3b0000 	C:\WINDOWS\System32\UMPDC.dll
0x00007ffdc11e0000 - 0x00007ffdc1232000 	C:\WINDOWS\System32\shlwapi.dll
0x00007ffdbf360000 - 0x00007ffdbf377000 	C:\WINDOWS\System32\cryptsp.dll
0x00007ffdabaf0000 - 0x00007ffdabb09000 	C:\Users\likit\Downloads\sts-4.8.0.RELEASE\plugins\org.eclipse.justj.openjdk.hotspot.jre.full.win32.x86_64_14.0.2.v20200815-0932\jre\bin\net.dll
0x00007ffdaebb0000 - 0x00007ffdaeca0000 	C:\WINDOWS\SYSTEM32\WINHTTP.dll
0x00007ffdbdbf0000 - 0x00007ffdbdc57000 	C:\WINDOWS\system32\mswsock.dll
0x00007ffdaa010000 - 0x00007ffdaa022000 	C:\Users\likit\Downloads\sts-4.8.0.RELEASE\plugins\org.eclipse.justj.openjdk.hotspot.jre.full.win32.x86_64_14.0.2.v20200815-0932\jre\bin\nio.dll
0x00007ffdb7de0000 - 0x00007ffdb7df0000 	C:\Users\likit\Downloads\sts-4.8.0.RELEASE\plugins\org.eclipse.justj.openjdk.hotspot.jre.full.win32.x86_64_14.0.2.v20200815-0932\jre\bin\verify.dll
0x00007ffdb7500000 - 0x00007ffdb7509000 	C:\Users\likit\Downloads\sts-4.8.0.RELEASE\plugins\org.eclipse.justj.openjdk.hotspot.jre.full.win32.x86_64_14.0.2.v20200815-0932\jre\bin\management.dll
0x00007ffdae340000 - 0x00007ffdae34b000 	C:\Users\likit\Downloads\sts-4.8.0.RELEASE\plugins\org.eclipse.justj.openjdk.hotspot.jre.full.win32.x86_64_14.0.2.v20200815-0932\jre\bin\management_ext.dll
0x00007ffda9980000 - 0x00007ffda9996000 	C:\WINDOWS\system32\napinsp.dll
0x00007ffda9960000 - 0x00007ffda997a000 	C:\WINDOWS\system32\pnrpnsp.dll
0x00007ffdbd8e0000 - 0x00007ffdbd9ab000 	C:\WINDOWS\SYSTEM32\DNSAPI.dll
0x00007ffdc12a0000 - 0x00007ffdc12a8000 	C:\WINDOWS\System32\NSI.dll
0x00007ffdbd8a0000 - 0x00007ffdbd8da000 	C:\WINDOWS\SYSTEM32\IPHLPAPI.DLL
0x00007ffda9950000 - 0x00007ffda995e000 	C:\WINDOWS\System32\winrnr.dll
0x00007ffdba300000 - 0x00007ffdba31c000 	C:\WINDOWS\system32\NLAapi.dll
0x00007ffda9930000 - 0x00007ffda9945000 	C:\WINDOWS\system32\wshbth.dll
0x00007ffdad810000 - 0x00007ffdad81a000 	C:\Windows\System32\rasadhlp.dll
0x00007ffdafec0000 - 0x00007ffdaff37000 	C:\WINDOWS\System32\fwpuclnt.dll
0x00007ffdbebf0000 - 0x00007ffdbec16000 	C:\WINDOWS\System32\bcrypt.dll

dbghelp: loaded successfully - version: 4.0.5 - missing functions: none
symbol engine: initialized successfully - sym options: 0x614 - pdb path: .;C:\Users\likit\Downloads\sts-4.8.0.RELEASE\plugins\org.eclipse.justj.openjdk.hotspot.jre.full.win32.x86_64_14.0.2.v20200815-0932\jre\bin;C:\WINDOWS\SYSTEM32;C:\Program Files\AVG\Antivirus;C:\WINDOWS\WinSxS\amd64_microsoft.windows.common-controls_6595b64144ccf1df_6.0.18362.1082_none_9e8193e1e45b25c1;C:\Users\likit\Downloads\sts-4.8.0.RELEASE\plugins\org.eclipse.justj.openjdk.hotspot.jre.full.win32.x86_64_14.0.2.v20200815-0932\jre\bin\server

VM Arguments:
jvm_args: -Dfile.encoding=UTF-8 -XX:+ShowCodeDetailsInExceptionMessages 
java_command: com.example2.mongo.api.SpringMongodbexample2Application
java_class_path (initial): C:\Users\likit\Documents\workspace-spring-tool-suite-4-4.8.0.RELEASE\spring-mongodbexample2\target\classes;C:\Users\likit\.m2\repository\org\springframework\data\spring-data-mongodb\3.0.4.RELEASE\spring-data-mongodb-3.0.4.RELEASE.jar;C:\Users\likit\.m2\repository\org\springframework\boot\spring-boot-starter-data-mongodb\2.3.4.RELEASE\spring-boot-starter-data-mongodb-2.3.4.RELEASE.jar;C:\Users\likit\.m2\repository\org\springframework\boot\spring-boot-starter\2.3.4.RELEASE\spring-boot-starter-2.3.4.RELEASE.jar;C:\Users\likit\.m2\repository\org\springframework\boot\spring-boot-starter-logging\2.3.4.RELEASE\spring-boot-starter-logging-2.3.4.RELEASE.jar;C:\Users\likit\.m2\repository\ch\qos\logback\logback-classic\1.2.3\logback-classic-1.2.3.jar;C:\Users\likit\.m2\repository\ch\qos\logback\logback-core\1.2.3\logback-core-1.2.3.jar;C:\Users\likit\.m2\repository\org\apache\logging\log4j\log4j-to-slf4j\2.13.3\log4j-to-slf4j-2.13.3.jar;C:\Users\likit\.m2\repository\org\apache\logging\log4j\log4j-api\2.13.3\log4j-api-2.13.3.jar;C:\Users\likit\.m2\repository\org\slf4j\jul-to-slf4j\1.7.30\jul-to-slf4j-1.7.30.jar;C:\Users\likit\.m2\repository\jakarta\annotation\jakarta.annotation-api\1.3.5\jakarta.annotation-api-1.3.5.jar;C:\Users\likit\.m2\repository\org\yaml\snakeyaml\1.26\snakeyaml-1.26.jar;C:\Users\likit\.m2\repository\org\mongodb\mongodb-driver-sync\4.0.5\mongodb-driver-sync-4.0.5.jar;C:\Users\likit\.m2\repository\org\mongodb\bson\4.0.5\bson-4.0.5.jar;C:\Users\likit\.m2\repository\org\mongodb\mongodb-driver-core\4.0.5\mongodb-driver-core-4.0.5.jar;C:\Users\likit\.m2\repository\org\springframework\spring-tx\5.2.9.RELEASE\spring-tx-5.2.9.RELEASE.jar;C:\Users\likit\.m2\repository\org\springframework\spring-context\5.2.9.RELEASE\spring-context-5.2.9.RELEASE.jar;C:\Users\likit\.m2\repository\org\springframework\spring-beans\5.2.9.RELEASE\spring-beans-5.2.9.RELEASE.jar;C:\Users\likit\.m2\repository\org\springframework\spring-expression\5.2.9.RELEASE\sp
Launcher Type: SUN_STANDARD

[Global flags]
     intx CICompilerCount                          = 2                                         {product} {ergonomic}
     uint ConcGCThreads                            = 1                                         {product} {ergonomic}
     uint G1ConcRefinementThreads                  = 2                                         {product} {ergonomic}
   size_t G1HeapRegionSize                         = 1048576                                   {product} {ergonomic}
    uintx GCDrainStackTargetSize                   = 64                                        {product} {ergonomic}
   size_t InitialHeapSize                          = 65011712                                  {product} {ergonomic}
   size_t MarkStackSize                            = 4194304                                   {product} {ergonomic}
   size_t MaxHeapSize                              = 1027604480                                {product} {ergonomic}
   size_t MaxNewSize                               = 616562688                                 {product} {ergonomic}
   size_t MinHeapDeltaBytes                        = 1048576                                   {product} {ergonomic}
   size_t MinHeapSize                              = 8388608                                   {product} {ergonomic}
    uintx NonNMethodCodeHeapSize                   = 5826188                                {pd product} {ergonomic}
    uintx NonProfiledCodeHeapSize                  = 122916026                              {pd product} {ergonomic}
    uintx ProfiledCodeHeapSize                     = 122916026                              {pd product} {ergonomic}
    uintx ReservedCodeCacheSize                    = 251658240                              {pd product} {ergonomic}
     bool SegmentedCodeCache                       = true                                      {product} {ergonomic}
     bool ShowCodeDetailsInExceptionMessages       = true                                   {manageable} {command line}
   size_t SoftMaxHeapSize                          = 1027604480                             {manageable} {ergonomic}
     bool UseCompressedClassPointers               = true                                 {lp64_product} {ergonomic}
     bool UseCompressedOops                        = true                                 {lp64_product} {ergonomic}
     bool UseG1GC                                  = true                                      {product} {ergonomic}
     bool UseLargePagesIndividualAllocation        = false                                  {pd product} {ergonomic}

Logging:
Log output configuration:
 #0: stdout all=warning uptime,level,tags
 #1: stderr all=off uptime,level,tags

Environment Variables:
PATH=C:/Users/likit/Downloads/sts-4.8.0.RELEASE//plugins/org.eclipse.justj.openjdk.hotspot.jre.full.win32.x86_64_14.0.2.v20200815-0932/jre/bin/server;C:/Users/likit/Downloads/sts-4.8.0.RELEASE//plugins/org.eclipse.justj.openjdk.hotspot.jre.full.win32.x86_64_14.0.2.v20200815-0932/jre/bin;C:\WINDOWS\system32;C:\WINDOWS;C:\WINDOWS\System32\Wbem;C:\WINDOWS\System32\WindowsPowerShell\v1.0\;C:\WINDOWS\System32\OpenSSH\;C:\Users\likit\AppData\Local\Microsoft\WindowsApps;;C:\Users\likit\AppData\Local\Programs\Microsoft VS Code\bin;C:\Users\likit\Downloads\sts-4.8.0.RELEASE;
USERNAME=likki
OS=Windows_NT
PROCESSOR_IDENTIFIER=Intel64 Family 6 Model 122 Stepping 1, GenuineIntel



---------------  S Y S T E M  ---------------

OS: Windows 10 , 64 bit Build 18362 (10.0.18362.1082)
OS uptime: 0 days 7:15 hours

CPU:total 2 (initial active 2) (2 cores per cpu, 1 threads per core) family 6 model 122 stepping 1, cmov, cx8, fxsr, mmx, sse, sse2, sse3, ssse3, sse4.1, sse4.2, popcnt, aes, clmul, erms, 3dnowpref, tsc, tscinvbit, sha

Memory: 4k page, system-wide physical 3919M (391M free)
TotalPageFile size 5931M (AvailPageFile size 39M)
current process WorkingSet (physical memory assigned to process): 71M, peak: 93M
current process commit charge ("private bytes"): 114M, peak: 150M

vm_info: OpenJDK 64-Bit Server VM (14.0.2+12-46) for windows-amd64 JRE (14.0.2+12-46), built on Jul  9 2020 00:31:16 by "mach5one" with MS VC++ 15.9 (VS2017)

END.
